{"meta": {"format": 3, "version": "7.13.0", "timestamp": "2025-12-14T21:17:50.810933", "branch_coverage": false, "show_contexts": false}, "files": {"parking/__init__.py": {"executed_lines": [1, 12], "summary": {"covered_lines": 1, "num_statements": 1, "percent_covered": 100.0, "percent_covered_display": "100", "missing_lines": 0, "excluded_lines": 0, "percent_statements_covered": 100.0, "percent_statements_covered_display": "100"}, "missing_lines": [], "excluded_lines": [], "functions": {"": {"executed_lines": [1, 12], "summary": {"covered_lines": 1, "num_statements": 1, "percent_covered": 100.0, "percent_covered_display": "100", "missing_lines": 0, "excluded_lines": 0, "percent_statements_covered": 100.0, "percent_statements_covered_display": "100"}, "missing_lines": [], "excluded_lines": []}}, "classes": {"": {"executed_lines": [1, 12], "summary": {"covered_lines": 1, "num_statements": 1, "percent_covered": 100.0, "percent_covered_display": "100", "missing_lines": 0, "excluded_lines": 0, "percent_statements_covered": 100.0, "percent_statements_covered_display": "100"}, "missing_lines": [], "excluded_lines": []}}}, "parking/admin.py": {"executed_lines": [1, 11, 12, 14, 15, 18, 19, 22, 23, 24, 25, 26, 27, 28, 30, 46, 55, 57, 60, 63, 64, 65, 66, 67, 68, 69, 71, 85, 86, 87, 88, 89, 90, 91, 94, 95, 96, 97, 98, 99, 100, 101, 103, 122, 129, 132, 133, 134, 135, 136, 137, 138, 141, 142, 143, 144, 145, 146, 147, 148, 151, 152, 153, 154, 155, 156, 157, 160, 161, 162, 163, 164, 165, 166, 167, 170, 171, 172, 173, 174, 175, 176, 177, 180, 181, 182, 183, 184, 185, 186, 189, 190, 191, 192, 193, 194, 195, 198, 199, 200, 201, 202, 205, 206, 207, 208, 209, 210, 213, 214, 215, 216, 217, 218, 221, 222, 223, 224, 225, 226, 227, 230, 231, 232, 233, 234, 235, 236, 237], "summary": {"covered_lines": 112, "num_statements": 122, "percent_covered": 91.80327868852459, "percent_covered_display": "92", "missing_lines": 10, "excluded_lines": 0, "percent_statements_covered": 91.80327868852459, "percent_statements_covered_display": "92"}, "missing_lines": [48, 49, 50, 51, 59, 124, 125, 126, 127, 128], "excluded_lines": [], "functions": {"ParkingLotAdmin.available_spaces_display": {"executed_lines": [], "summary": {"covered_lines": 0, "num_statements": 4, "percent_covered": 0.0, "percent_covered_display": "0", "missing_lines": 4, "excluded_lines": 0, "percent_statements_covered": 0.0, "percent_statements_covered_display": "0"}, "missing_lines": [48, 49, 50, 51], "excluded_lines": []}, "ParkingLotAdmin.occupied_spaces_display": {"executed_lines": [], "summary": {"covered_lines": 0, "num_statements": 1, "percent_covered": 0.0, "percent_covered_display": "0", "missing_lines": 1, "excluded_lines": 0, "percent_statements_covered": 0.0, "percent_statements_covered_display": "0"}, "missing_lines": [59], "excluded_lines": []}, "ParkingRecordAdmin.duration_display": {"executed_lines": [], "summary": {"covered_lines": 0, "num_statements": 5, "percent_covered": 0.0, "percent_covered_display": "0", "missing_lines": 5, "excluded_lines": 0, "percent_statements_covered": 0.0, "percent_statements_covered_display": "0"}, "missing_lines": [124, 125, 126, 127, 128], "excluded_lines": []}, "": {"executed_lines": [1, 11, 12, 14, 15, 18, 19, 22, 23, 24, 25, 26, 27, 28, 30, 46, 55, 57, 60, 63, 64, 65, 66, 67, 68, 69, 71, 85, 86, 87, 88, 89, 90, 91, 94, 95, 96, 97, 98, 99, 100, 101, 103, 122, 129, 132, 133, 134, 135, 136, 137, 138, 141, 142, 143, 144, 145, 146, 147, 148, 151, 152, 153, 154, 155, 156, 157, 160, 161, 162, 163, 164, 165, 166, 167, 170, 171, 172, 173, 174, 175, 176, 177, 180, 181, 182, 183, 184, 185, 186, 189, 190, 191, 192, 193, 194, 195, 198, 199, 200, 201, 202, 205, 206, 207, 208, 209, 210, 213, 214, 215, 216, 217, 218, 221, 222, 223, 224, 225, 226, 227, 230, 231, 232, 233, 234, 235, 236, 237], "summary": {"covered_lines": 112, "num_statements": 112, "percent_covered": 100.0, "percent_covered_display": "100", "missing_lines": 0, "excluded_lines": 0, "percent_statements_covered": 100.0, "percent_statements_covered_display": "100"}, "missing_lines": [], "excluded_lines": []}}, "classes": {"ParkingLotAdmin": {"executed_lines": [], "summary": {"covered_lines": 0, "num_statements": 5, "percent_covered": 0.0, "percent_covered_display": "0", "missing_lines": 5, "excluded_lines": 0, "percent_statements_covered": 0.0, "percent_statements_covered_display": "0"}, "missing_lines": [48, 49, 50, 51, 59], "excluded_lines": []}, "ParkingSpaceAdmin": {"executed_lines": [], "summary": {"covered_lines": 0, "num_statements": 0, "percent_covered": 100.0, "percent_covered_display": "100", "missing_lines": 0, "excluded_lines": 0, "percent_statements_covered": 100.0, "percent_statements_covered_display": "100"}, "missing_lines": [], "excluded_lines": []}, "VehicleAdmin": {"executed_lines": [], "summary": {"covered_lines": 0, "num_statements": 0, "percent_covered": 100.0, "percent_covered_display": "100", "missing_lines": 0, "excluded_lines": 0, "percent_statements_covered": 100.0, "percent_statements_covered_display": "100"}, "missing_lines": [], "excluded_lines": []}, "ParkingRecordAdmin": {"executed_lines": [], "summary": {"covered_lines": 0, "num_statements": 5, "percent_covered": 0.0, "percent_covered_display": "0", "missing_lines": 5, "excluded_lines": 0, "percent_statements_covered": 0.0, "percent_statements_covered_display": "0"}, "missing_lines": [124, 125, 126, 127, 128], "excluded_lines": []}, "UserProfileAdmin": {"executed_lines": [], "summary": {"covered_lines": 0, "num_statements": 0, "percent_covered": 100.0, "percent_covered_display": "100", "missing_lines": 0, "excluded_lines": 0, "percent_statements_covered": 100.0, "percent_statements_covered_display": "100"}, "missing_lines": [], "excluded_lines": []}, "VerificationCodeAdmin": {"executed_lines": [], "summary": {"covered_lines": 0, "num_statements": 0, "percent_covered": 100.0, "percent_covered_display": "100", "missing_lines": 0, "excluded_lines": 0, "percent_statements_covered": 100.0, "percent_statements_covered_display": "100"}, "missing_lines": [], "excluded_lines": []}, "StaffScheduleAdmin": {"executed_lines": [], "summary": {"covered_lines": 0, "num_statements": 0, "percent_covered": 100.0, "percent_covered_display": "100", "missing_lines": 0, "excluded_lines": 0, "percent_statements_covered": 100.0, "percent_statements_covered_display": "100"}, "missing_lines": [], "excluded_lines": []}, "ContactMessageAdmin": {"executed_lines": [], "summary": {"covered_lines": 0, "num_statements": 0, "percent_covered": 100.0, "percent_covered_display": "100", "missing_lines": 0, "excluded_lines": 0, "percent_statements_covered": 100.0, "percent_statements_covered_display": "100"}, "missing_lines": [], "excluded_lines": []}, "PricingTemplateAdmin": {"executed_lines": [], "summary": {"covered_lines": 0, "num_statements": 0, "percent_covered": 100.0, "percent_covered_display": "100", "missing_lines": 0, "excluded_lines": 0, "percent_statements_covered": 100.0, "percent_statements_covered_display": "100"}, "missing_lines": [], "excluded_lines": []}, "PricingRuleAdmin": {"executed_lines": [], "summary": {"covered_lines": 0, "num_statements": 0, "percent_covered": 100.0, "percent_covered_display": "100", "missing_lines": 0, "excluded_lines": 0, "percent_statements_covered": 100.0, "percent_statements_covered_display": "100"}, "missing_lines": [], "excluded_lines": []}, "ParkingLotPricingAdmin": {"executed_lines": [], "summary": {"covered_lines": 0, "num_statements": 0, "percent_covered": 100.0, "percent_covered_display": "100", "missing_lines": 0, "excluded_lines": 0, "percent_statements_covered": 100.0, "percent_statements_covered_display": "100"}, "missing_lines": [], "excluded_lines": []}, "ProvinceAdmin": {"executed_lines": [], "summary": {"covered_lines": 0, "num_statements": 0, "percent_covered": 100.0, "percent_covered_display": "100", "missing_lines": 0, "excluded_lines": 0, "percent_statements_covered": 100.0, "percent_statements_covered_display": "100"}, "missing_lines": [], "excluded_lines": []}, "CityAdmin": {"executed_lines": [], "summary": {"covered_lines": 0, "num_statements": 0, "percent_covered": 100.0, "percent_covered_display": "100", "missing_lines": 0, "excluded_lines": 0, "percent_statements_covered": 100.0, "percent_statements_covered_display": "100"}, "missing_lines": [], "excluded_lines": []}, "LicensePlateLocationAdmin": {"executed_lines": [], "summary": {"covered_lines": 0, "num_statements": 0, "percent_covered": 100.0, "percent_covered_display": "100", "missing_lines": 0, "excluded_lines": 0, "percent_statements_covered": 100.0, "percent_statements_covered_display": "100"}, "missing_lines": [], "excluded_lines": []}, "WantedVehicleAdmin": {"executed_lines": [], "summary": {"covered_lines": 0, "num_statements": 0, "percent_covered": 100.0, "percent_covered_display": "100", "missing_lines": 0, "excluded_lines": 0, "percent_statements_covered": 100.0, "percent_statements_covered_display": "100"}, "missing_lines": [], "excluded_lines": []}, "VehicleAlertLogAdmin": {"executed_lines": [], "summary": {"covered_lines": 0, "num_statements": 0, "percent_covered": 100.0, "percent_covered_display": "100", "missing_lines": 0, "excluded_lines": 0, "percent_statements_covered": 100.0, "percent_statements_covered_display": "100"}, "missing_lines": [], "excluded_lines": []}, "": {"executed_lines": [1, 11, 12, 14, 15, 18, 19, 22, 23, 24, 25, 26, 27, 28, 30, 46, 55, 57, 60, 63, 64, 65, 66, 67, 68, 69, 71, 85, 86, 87, 88, 89, 90, 91, 94, 95, 96, 97, 98, 99, 100, 101, 103, 122, 129, 132, 133, 134, 135, 136, 137, 138, 141, 142, 143, 144, 145, 146, 147, 148, 151, 152, 153, 154, 155, 156, 157, 160, 161, 162, 163, 164, 165, 166, 167, 170, 171, 172, 173, 174, 175, 176, 177, 180, 181, 182, 183, 184, 185, 186, 189, 190, 191, 192, 193, 194, 195, 198, 199, 200, 201, 202, 205, 206, 207, 208, 209, 210, 213, 214, 215, 216, 217, 218, 221, 222, 223, 224, 225, 226, 227, 230, 231, 232, 233, 234, 235, 236, 237], "summary": {"covered_lines": 112, "num_statements": 112, "percent_covered": 100.0, "percent_covered_display": "100", "missing_lines": 0, "excluded_lines": 0, "percent_statements_covered": 100.0, "percent_statements_covered_display": "100"}, "missing_lines": [], "excluded_lines": []}}}, "parking/apps.py": {"executed_lines": [1, 4, 7, 8, 9, 10, 11], "summary": {"covered_lines": 5, "num_statements": 5, "percent_covered": 100.0, "percent_covered_display": "100", "missing_lines": 0, "excluded_lines": 0, "percent_statements_covered": 100.0, "percent_statements_covered_display": "100"}, "missing_lines": [], "excluded_lines": [], "functions": {"": {"executed_lines": [1, 4, 7, 8, 9, 10, 11], "summary": {"covered_lines": 5, "num_statements": 5, "percent_covered": 100.0, "percent_covered_display": "100", "missing_lines": 0, "excluded_lines": 0, "percent_statements_covered": 100.0, "percent_statements_covered_display": "100"}, "missing_lines": [], "excluded_lines": []}}, "classes": {"ParkingConfig": {"executed_lines": [], "summary": {"covered_lines": 0, "num_statements": 0, "percent_covered": 100.0, "percent_covered_display": "100", "missing_lines": 0, "excluded_lines": 0, "percent_statements_covered": 100.0, "percent_statements_covered_display": "100"}, "missing_lines": [], "excluded_lines": []}, "": {"executed_lines": [1, 4, 7, 8, 9, 10, 11], "summary": {"covered_lines": 5, "num_statements": 5, "percent_covered": 100.0, "percent_covered_display": "100", "missing_lines": 0, "excluded_lines": 0, "percent_statements_covered": 100.0, "percent_statements_covered_display": "100"}, "missing_lines": [], "excluded_lines": []}}}, "parking/decorators.py": {"executed_lines": [1, 10, 12, 13, 14, 15, 18, 24, 25, 26, 31, 33, 34, 35, 37, 39, 42], "summary": {"covered_lines": 16, "num_statements": 25, "percent_covered": 64.0, "percent_covered_display": "64", "missing_lines": 9, "excluded_lines": 0, "percent_statements_covered": 64.0, "percent_statements_covered_display": "64"}, "missing_lines": [28, 29, 48, 49, 50, 51, 52, 53, 55], "excluded_lines": [], "functions": {"staff_member_required": {"executed_lines": [24, 25, 39], "summary": {"covered_lines": 3, "num_statements": 3, "percent_covered": 100.0, "percent_covered_display": "100", "missing_lines": 0, "excluded_lines": 0, "percent_statements_covered": 100.0, "percent_statements_covered_display": "100"}, "missing_lines": [], "excluded_lines": []}, "staff_member_required._wrapped_view": {"executed_lines": [26, 31, 33, 34, 35, 37], "summary": {"covered_lines": 6, "num_statements": 8, "percent_covered": 75.0, "percent_covered_display": "75", "missing_lines": 2, "excluded_lines": 0, "percent_statements_covered": 75.0, "percent_statements_covered_display": "75"}, "missing_lines": [28, 29], "excluded_lines": []}, "login_required_redirect": {"executed_lines": [], "summary": {"covered_lines": 0, "num_statements": 3, "percent_covered": 0.0, "percent_covered_display": "0", "missing_lines": 3, "excluded_lines": 0, "percent_statements_covered": 0.0, "percent_statements_covered_display": "0"}, "missing_lines": [48, 49, 55], "excluded_lines": []}, "login_required_redirect._wrapped_view": {"executed_lines": [], "summary": {"covered_lines": 0, "num_statements": 4, "percent_covered": 0.0, "percent_covered_display": "0", "missing_lines": 4, "excluded_lines": 0, "percent_statements_covered": 0.0, "percent_statements_covered_display": "0"}, "missing_lines": [50, 51, 52, 53], "excluded_lines": []}, "": {"executed_lines": [1, 10, 12, 13, 14, 15, 18, 42], "summary": {"covered_lines": 7, "num_statements": 7, "percent_covered": 100.0, "percent_covered_display": "100", "missing_lines": 0, "excluded_lines": 0, "percent_statements_covered": 100.0, "percent_statements_covered_display": "100"}, "missing_lines": [], "excluded_lines": []}}, "classes": {"": {"executed_lines": [1, 10, 12, 13, 14, 15, 18, 24, 25, 26, 31, 33, 34, 35, 37, 39, 42], "summary": {"covered_lines": 16, "num_statements": 25, "percent_covered": 64.0, "percent_covered_display": "64", "missing_lines": 9, "excluded_lines": 0, "percent_statements_covered": 64.0, "percent_statements_covered_display": "64"}, "missing_lines": [28, 29, 48, 49, 50, 51, 52, 53, 55], "excluded_lines": []}}}, "parking/email_service.py": {"executed_lines": [1, 10, 12, 13, 14, 15, 16, 17, 18, 19, 21, 25, 26, 28, 29, 42, 43, 45, 46, 48, 49, 52, 53, 54, 55, 56, 58, 59, 66, 67, 69, 70, 72, 73, 90, 91, 92, 93, 94, 95, 97, 98, 99, 101, 103, 110, 111, 119, 122, 123, 131, 132, 133, 134, 135, 137, 138, 205, 206, 221, 222, 223, 224, 225, 226, 228, 232, 234, 239, 240, 248, 251, 252, 260, 261, 266, 267, 284, 285, 286, 287, 288, 289, 291, 295, 299, 301, 307, 308, 316, 319, 320, 328, 329], "summary": {"covered_lines": 91, "num_statements": 152, "percent_covered": 59.86842105263158, "percent_covered_display": "60", "missing_lines": 61, "excluded_lines": 2, "percent_statements_covered": 59.86842105263158, "percent_statements_covered_display": "60"}, "missing_lines": [50, 112, 113, 114, 115, 116, 117, 155, 156, 157, 158, 159, 160, 162, 163, 164, 166, 167, 168, 170, 172, 178, 179, 180, 181, 182, 183, 184, 185, 187, 190, 191, 199, 200, 201, 202, 203, 229, 230, 241, 242, 243, 244, 245, 246, 262, 263, 264, 292, 293, 296, 297, 309, 310, 311, 312, 313, 314, 330, 331, 332], "excluded_lines": [21, 22], "functions": {"EmailService._validate_email": {"executed_lines": [42, 43, 45, 46, 48, 49, 52, 53, 54, 55, 56], "summary": {"covered_lines": 11, "num_statements": 12, "percent_covered": 91.66666666666667, "percent_covered_display": "92", "missing_lines": 1, "excluded_lines": 0, "percent_statements_covered": 91.66666666666667, "percent_statements_covered_display": "92"}, "missing_lines": [50], "excluded_lines": []}, "EmailService._check_email_config": {"executed_lines": [66, 67, 69, 70], "summary": {"covered_lines": 4, "num_statements": 4, "percent_covered": 100.0, "percent_covered_display": "100", "missing_lines": 0, "excluded_lines": 0, "percent_statements_covered": 100.0, "percent_statements_covered_display": "100"}, "missing_lines": [], "excluded_lines": []}, "EmailService.send_verification_code": {"executed_lines": [90, 91, 92, 93, 94, 95, 97, 98, 99, 101, 103, 110, 111, 119, 122, 123, 131, 132, 133, 134, 135], "summary": {"covered_lines": 21, "num_statements": 27, "percent_covered": 77.77777777777777, "percent_covered_display": "78", "missing_lines": 6, "excluded_lines": 0, "percent_statements_covered": 77.77777777777777, "percent_statements_covered_display": "78"}, "missing_lines": [112, 113, 114, 115, 116, 117], "excluded_lines": []}, "EmailService.send_activation_link": {"executed_lines": [], "summary": {"covered_lines": 0, "num_statements": 30, "percent_covered": 0.0, "percent_covered_display": "0", "missing_lines": 30, "excluded_lines": 0, "percent_statements_covered": 0.0, "percent_statements_covered_display": "0"}, "missing_lines": [155, 156, 157, 158, 159, 160, 162, 163, 164, 166, 167, 168, 170, 172, 178, 179, 180, 181, 182, 183, 184, 185, 187, 190, 191, 199, 200, 201, 202, 203], "excluded_lines": []}, "EmailService.send_contact_notification": {"executed_lines": [221, 222, 223, 224, 225, 226, 228, 232, 234, 239, 240, 248, 251, 252, 260, 261], "summary": {"covered_lines": 16, "num_statements": 27, "percent_covered": 59.25925925925926, "percent_covered_display": "59", "missing_lines": 11, "excluded_lines": 0, "percent_statements_covered": 59.25925925925926, "percent_statements_covered_display": "59"}, "missing_lines": [229, 230, 241, 242, 243, 244, 245, 246, 262, 263, 264], "excluded_lines": []}, "EmailService.send_contact_reply": {"executed_lines": [284, 285, 286, 287, 288, 289, 291, 295, 299, 301, 307, 308, 316, 319, 320, 328, 329], "summary": {"covered_lines": 17, "num_statements": 30, "percent_covered": 56.666666666666664, "percent_covered_display": "57", "missing_lines": 13, "excluded_lines": 0, "percent_statements_covered": 56.666666666666664, "percent_statements_covered_display": "57"}, "missing_lines": [292, 293, 296, 297, 309, 310, 311, 312, 313, 314, 330, 331, 332], "excluded_lines": []}, "": {"executed_lines": [1, 10, 12, 13, 14, 15, 16, 17, 18, 19, 21, 25, 26, 28, 29, 58, 59, 72, 73, 137, 138, 205, 206, 266, 267], "summary": {"covered_lines": 22, "num_statements": 22, "percent_covered": 100.0, "percent_covered_display": "100", "missing_lines": 0, "excluded_lines": 2, "percent_statements_covered": 100.0, "percent_statements_covered_display": "100"}, "missing_lines": [], "excluded_lines": [21, 22]}}, "classes": {"EmailService": {"executed_lines": [42, 43, 45, 46, 48, 49, 52, 53, 54, 55, 56, 66, 67, 69, 70, 90, 91, 92, 93, 94, 95, 97, 98, 99, 101, 103, 110, 111, 119, 122, 123, 131, 132, 133, 134, 135, 221, 222, 223, 224, 225, 226, 228, 232, 234, 239, 240, 248, 251, 252, 260, 261, 284, 285, 286, 287, 288, 289, 291, 295, 299, 301, 307, 308, 316, 319, 320, 328, 329], "summary": {"covered_lines": 69, "num_statements": 130, "percent_covered": 53.07692307692308, "percent_covered_display": "53", "missing_lines": 61, "excluded_lines": 0, "percent_statements_covered": 53.07692307692308, "percent_statements_covered_display": "53"}, "missing_lines": [50, 112, 113, 114, 115, 116, 117, 155, 156, 157, 158, 159, 160, 162, 163, 164, 166, 167, 168, 170, 172, 178, 179, 180, 181, 182, 183, 184, 185, 187, 190, 191, 199, 200, 201, 202, 203, 229, 230, 241, 242, 243, 244, 245, 246, 262, 263, 264, 292, 293, 296, 297, 309, 310, 311, 312, 313, 314, 330, 331, 332], "excluded_lines": []}, "": {"executed_lines": [1, 10, 12, 13, 14, 15, 16, 17, 18, 19, 21, 25, 26, 28, 29, 58, 59, 72, 73, 137, 138, 205, 206, 266, 267], "summary": {"covered_lines": 22, "num_statements": 22, "percent_covered": 100.0, "percent_covered_display": "100", "missing_lines": 0, "excluded_lines": 2, "percent_statements_covered": 100.0, "percent_statements_covered_display": "100"}, "missing_lines": [], "excluded_lines": [21, 22]}}}, "parking/forms.py": {"executed_lines": [1, 12, 13, 15, 16, 17, 19, 20, 24, 29, 36, 37, 43, 45, 46, 47, 48, 50, 52, 53, 55, 56, 59, 60, 65, 75, 85, 92, 94, 96, 97, 98, 99, 101, 102, 105, 111, 112, 114, 116, 118, 121, 123, 128, 129, 130, 135, 138, 139, 144, 149, 155, 157, 158, 159, 161, 162, 167, 169, 179, 181, 182, 184, 185, 186, 192, 199, 200, 205, 206, 208, 211, 212, 217, 224, 230, 241, 247, 253, 255, 256, 258, 260, 261, 263, 265, 266, 267, 269, 270, 275, 278, 279, 285, 286, 287, 288, 308, 310, 312, 313, 314, 316, 317, 319, 322, 323, 328, 330, 331, 332, 333, 344, 346, 348, 349, 350, 352, 353, 355, 359, 360, 367, 368, 370, 381, 390, 401, 412, 420, 430, 439, 445, 448, 455, 462, 468, 469, 470, 472, 474, 476, 477, 478, 479, 480, 481, 484, 485, 496, 497, 502, 504, 508, 514, 519, 522, 523, 525, 533, 538, 543, 555, 556, 558, 567, 583, 584, 586, 595, 604, 613, 629, 643, 644], "summary": {"covered_lines": 164, "num_statements": 235, "percent_covered": 69.7872340425532, "percent_covered_display": "70", "missing_lines": 71, "excluded_lines": 0, "percent_statements_covered": 69.7872340425532, "percent_statements_covered_display": "70"}, "missing_lines": [189, 190, 259, 449, 456, 463, 486, 489, 490, 491, 509, 515, 569, 570, 571, 574, 575, 576, 577, 578, 580, 615, 616, 617, 619, 621, 622, 627, 631, 632, 633, 635, 636, 637, 641, 664, 665, 667, 670, 671, 672, 673, 674, 675, 678, 679, 680, 681, 682, 683, 684, 685, 688, 689, 690, 691, 692, 694, 697, 698, 699, 700, 701, 703, 706, 707, 708, 709, 710, 711, 713], "excluded_lines": [], "functions": {"LicensePlateField.__init__": {"executed_lines": [46, 47, 48], "summary": {"covered_lines": 3, "num_statements": 3, "percent_covered": 100.0, "percent_covered_display": "100", "missing_lines": 0, "excluded_lines": 0, "percent_statements_covered": 100.0, "percent_statements_covered_display": "100"}, "missing_lines": [], "excluded_lines": []}, "LicensePlateField.clean": {"executed_lines": [52, 53, 55, 56], "summary": {"covered_lines": 4, "num_statements": 4, "percent_covered": 100.0, "percent_covered_display": "100", "missing_lines": 0, "excluded_lines": 0, "percent_statements_covered": 100.0, "percent_statements_covered_display": "100"}, "missing_lines": [], "excluded_lines": []}, "VehicleEntryForm.clean_parking_lot_id": {"executed_lines": [94, 96, 97, 98, 99, 101, 102, 105, 111, 112, 114], "summary": {"covered_lines": 11, "num_statements": 11, "percent_covered": 100.0, "percent_covered_display": "100", "missing_lines": 0, "excluded_lines": 0, "percent_statements_covered": 100.0, "percent_statements_covered_display": "100"}, "missing_lines": [], "excluded_lines": []}, "VehicleEntryForm.clean_license_plate": {"executed_lines": [118, 121, 123, 128, 129, 130, 135], "summary": {"covered_lines": 7, "num_statements": 7, "percent_covered": 100.0, "percent_covered_display": "100", "missing_lines": 0, "excluded_lines": 0, "percent_statements_covered": 100.0, "percent_statements_covered_display": "100"}, "missing_lines": [], "excluded_lines": []}, "VehicleExitForm.clean": {"executed_lines": [157, 158, 159, 161, 162, 167], "summary": {"covered_lines": 6, "num_statements": 6, "percent_covered": 100.0, "percent_covered_display": "100", "missing_lines": 0, "excluded_lines": 0, "percent_statements_covered": 100.0, "percent_statements_covered_display": "100"}, "missing_lines": [], "excluded_lines": []}, "VehicleExitForm.get_parking_record": {"executed_lines": [179, 181, 182, 184, 185, 186, 192, 199, 200, 205, 206, 208], "summary": {"covered_lines": 12, "num_statements": 14, "percent_covered": 85.71428571428571, "percent_covered_display": "86", "missing_lines": 2, "excluded_lines": 0, "percent_statements_covered": 85.71428571428571, "percent_statements_covered_display": "86"}, "missing_lines": [189, 190], "excluded_lines": []}, "VehicleQueryForm.clean_license_plate": {"executed_lines": [255, 256, 258, 260, 261], "summary": {"covered_lines": 5, "num_statements": 6, "percent_covered": 83.33333333333333, "percent_covered_display": "83", "missing_lines": 1, "excluded_lines": 0, "percent_statements_covered": 83.33333333333333, "percent_statements_covered_display": "83"}, "missing_lines": [259], "excluded_lines": []}, "VehicleQueryForm.clean": {"executed_lines": [265, 266, 267, 269, 270, 275], "summary": {"covered_lines": 6, "num_statements": 6, "percent_covered": 100.0, "percent_covered_display": "100", "missing_lines": 0, "excluded_lines": 0, "percent_statements_covered": 100.0, "percent_statements_covered_display": "100"}, "missing_lines": [], "excluded_lines": []}, "ParkingLotForm.clean_name": {"executed_lines": [310, 312, 313, 314, 316, 317, 319], "summary": {"covered_lines": 7, "num_statements": 7, "percent_covered": 100.0, "percent_covered_display": "100", "missing_lines": 0, "excluded_lines": 0, "percent_statements_covered": 100.0, "percent_statements_covered_display": "100"}, "missing_lines": [], "excluded_lines": []}, "VehicleForm.clean_license_plate": {"executed_lines": [346, 348, 349, 350, 352, 353, 355], "summary": {"covered_lines": 7, "num_statements": 7, "percent_covered": 100.0, "percent_covered_display": "100", "missing_lines": 0, "excluded_lines": 0, "percent_statements_covered": 100.0, "percent_statements_covered_display": "100"}, "missing_lines": [], "excluded_lines": []}, "RegisterForm.clean_username": {"executed_lines": [445, 448, 455, 462, 468, 469, 470, 472], "summary": {"covered_lines": 8, "num_statements": 11, "percent_covered": 72.72727272727273, "percent_covered_display": "73", "missing_lines": 3, "excluded_lines": 0, "percent_statements_covered": 72.72727272727273, "percent_statements_covered_display": "73"}, "missing_lines": [449, 456, 463], "excluded_lines": []}, "RegisterForm.clean": {"executed_lines": [476, 477, 478, 479, 480, 481, 484, 485, 496, 497, 502, 504, 508, 514, 519], "summary": {"covered_lines": 15, "num_statements": 21, "percent_covered": 71.42857142857143, "percent_covered_display": "71", "missing_lines": 6, "excluded_lines": 0, "percent_statements_covered": 71.42857142857143, "percent_statements_covered_display": "71"}, "missing_lines": [486, 489, 490, 491, 509, 515], "excluded_lines": []}, "ForgotPasswordForm.clean_username_or_email": {"executed_lines": [], "summary": {"covered_lines": 0, "num_statements": 9, "percent_covered": 0.0, "percent_covered_display": "0", "missing_lines": 9, "excluded_lines": 0, "percent_statements_covered": 0.0, "percent_statements_covered_display": "0"}, "missing_lines": [569, 570, 571, 574, 575, 576, 577, 578, 580], "excluded_lines": []}, "ResetPasswordForm.clean_new_password": {"executed_lines": [], "summary": {"covered_lines": 0, "num_statements": 7, "percent_covered": 0.0, "percent_covered_display": "0", "missing_lines": 7, "excluded_lines": 0, "percent_statements_covered": 0.0, "percent_statements_covered_display": "0"}, "missing_lines": [615, 616, 617, 619, 621, 622, 627], "excluded_lines": []}, "ResetPasswordForm.clean": {"executed_lines": [], "summary": {"covered_lines": 0, "num_statements": 7, "percent_covered": 0.0, "percent_covered_display": "0", "missing_lines": 7, "excluded_lines": 0, "percent_statements_covered": 0.0, "percent_statements_covered_display": "0"}, "missing_lines": [631, 632, 633, 635, 636, 637, 641], "excluded_lines": []}, "ResetPasswordForm._calculate_password_score": {"executed_lines": [], "summary": {"covered_lines": 0, "num_statements": 36, "percent_covered": 0.0, "percent_covered_display": "0", "missing_lines": 36, "excluded_lines": 0, "percent_statements_covered": 0.0, "percent_statements_covered_display": "0"}, "missing_lines": [664, 665, 667, 670, 671, 672, 673, 674, 675, 678, 679, 680, 681, 682, 683, 684, 685, 688, 689, 690, 691, 692, 694, 697, 698, 699, 700, 701, 703, 706, 707, 708, 709, 710, 711, 713], "excluded_lines": []}, "": {"executed_lines": [1, 12, 13, 15, 16, 17, 19, 20, 24, 29, 36, 37, 43, 45, 50, 59, 60, 65, 75, 85, 92, 116, 138, 139, 144, 149, 155, 169, 211, 212, 217, 224, 230, 241, 247, 253, 263, 278, 279, 285, 286, 287, 288, 308, 322, 323, 328, 330, 331, 332, 333, 344, 359, 360, 367, 368, 370, 381, 390, 401, 412, 420, 430, 439, 474, 522, 523, 525, 533, 538, 543, 555, 556, 558, 567, 583, 584, 586, 595, 604, 613, 629, 643, 644], "summary": {"covered_lines": 73, "num_statements": 73, "percent_covered": 100.0, "percent_covered_display": "100", "missing_lines": 0, "excluded_lines": 0, "percent_statements_covered": 100.0, "percent_statements_covered_display": "100"}, "missing_lines": [], "excluded_lines": []}}, "classes": {"LicensePlateField": {"executed_lines": [46, 47, 48, 52, 53, 55, 56], "summary": {"covered_lines": 7, "num_statements": 7, "percent_covered": 100.0, "percent_covered_display": "100", "missing_lines": 0, "excluded_lines": 0, "percent_statements_covered": 100.0, "percent_statements_covered_display": "100"}, "missing_lines": [], "excluded_lines": []}, "VehicleEntryForm": {"executed_lines": [94, 96, 97, 98, 99, 101, 102, 105, 111, 112, 114, 118, 121, 123, 128, 129, 130, 135], "summary": {"covered_lines": 18, "num_statements": 18, "percent_covered": 100.0, "percent_covered_display": "100", "missing_lines": 0, "excluded_lines": 0, "percent_statements_covered": 100.0, "percent_statements_covered_display": "100"}, "missing_lines": [], "excluded_lines": []}, "VehicleExitForm": {"executed_lines": [157, 158, 159, 161, 162, 167, 179, 181, 182, 184, 185, 186, 192, 199, 200, 205, 206, 208], "summary": {"covered_lines": 18, "num_statements": 20, "percent_covered": 90.0, "percent_covered_display": "90", "missing_lines": 2, "excluded_lines": 0, "percent_statements_covered": 90.0, "percent_statements_covered_display": "90"}, "missing_lines": [189, 190], "excluded_lines": []}, "VehicleQueryForm": {"executed_lines": [255, 256, 258, 260, 261, 265, 266, 267, 269, 270, 275], "summary": {"covered_lines": 11, "num_statements": 12, "percent_covered": 91.66666666666667, "percent_covered_display": "92", "missing_lines": 1, "excluded_lines": 0, "percent_statements_covered": 91.66666666666667, "percent_statements_covered_display": "92"}, "missing_lines": [259], "excluded_lines": []}, "ParkingLotForm": {"executed_lines": [310, 312, 313, 314, 316, 317, 319], "summary": {"covered_lines": 7, "num_statements": 7, "percent_covered": 100.0, "percent_covered_display": "100", "missing_lines": 0, "excluded_lines": 0, "percent_statements_covered": 100.0, "percent_statements_covered_display": "100"}, "missing_lines": [], "excluded_lines": []}, "ParkingLotForm.Meta": {"executed_lines": [], "summary": {"covered_lines": 0, "num_statements": 0, "percent_covered": 100.0, "percent_covered_display": "100", "missing_lines": 0, "excluded_lines": 0, "percent_statements_covered": 100.0, "percent_statements_covered_display": "100"}, "missing_lines": [], "excluded_lines": []}, "VehicleForm": {"executed_lines": [346, 348, 349, 350, 352, 353, 355], "summary": {"covered_lines": 7, "num_statements": 7, "percent_covered": 100.0, "percent_covered_display": "100", "missing_lines": 0, "excluded_lines": 0, "percent_statements_covered": 100.0, "percent_statements_covered_display": "100"}, "missing_lines": [], "excluded_lines": []}, "VehicleForm.Meta": {"executed_lines": [], "summary": {"covered_lines": 0, "num_statements": 0, "percent_covered": 100.0, "percent_covered_display": "100", "missing_lines": 0, "excluded_lines": 0, "percent_statements_covered": 100.0, "percent_statements_covered_display": "100"}, "missing_lines": [], "excluded_lines": []}, "RegisterForm": {"executed_lines": [445, 448, 455, 462, 468, 469, 470, 472, 476, 477, 478, 479, 480, 481, 484, 485, 496, 497, 502, 504, 508, 514, 519], "summary": {"covered_lines": 23, "num_statements": 32, "percent_covered": 71.875, "percent_covered_display": "72", "missing_lines": 9, "excluded_lines": 0, "percent_statements_covered": 71.875, "percent_statements_covered_display": "72"}, "missing_lines": [449, 456, 463, 486, 489, 490, 491, 509, 515], "excluded_lines": []}, "VerifyCodeForm": {"executed_lines": [], "summary": {"covered_lines": 0, "num_statements": 0, "percent_covered": 100.0, "percent_covered_display": "100", "missing_lines": 0, "excluded_lines": 0, "percent_statements_covered": 100.0, "percent_statements_covered_display": "100"}, "missing_lines": [], "excluded_lines": []}, "ForgotPasswordForm": {"executed_lines": [], "summary": {"covered_lines": 0, "num_statements": 9, "percent_covered": 0.0, "percent_covered_display": "0", "missing_lines": 9, "excluded_lines": 0, "percent_statements_covered": 0.0, "percent_statements_covered_display": "0"}, "missing_lines": [569, 570, 571, 574, 575, 576, 577, 578, 580], "excluded_lines": []}, "ResetPasswordForm": {"executed_lines": [], "summary": {"covered_lines": 0, "num_statements": 50, "percent_covered": 0.0, "percent_covered_display": "0", "missing_lines": 50, "excluded_lines": 0, "percent_statements_covered": 0.0, "percent_statements_covered_display": "0"}, "missing_lines": [615, 616, 617, 619, 621, 622, 627, 631, 632, 633, 635, 636, 637, 641, 664, 665, 667, 670, 671, 672, 673, 674, 675, 678, 679, 680, 681, 682, 683, 684, 685, 688, 689, 690, 691, 692, 694, 697, 698, 699, 700, 701, 703, 706, 707, 708, 709, 710, 711, 713], "excluded_lines": []}, "": {"executed_lines": [1, 12, 13, 15, 16, 17, 19, 20, 24, 29, 36, 37, 43, 45, 50, 59, 60, 65, 75, 85, 92, 116, 138, 139, 144, 149, 155, 169, 211, 212, 217, 224, 230, 241, 247, 253, 263, 278, 279, 285, 286, 287, 288, 308, 322, 323, 328, 330, 331, 332, 333, 344, 359, 360, 367, 368, 370, 381, 390, 401, 412, 420, 430, 439, 474, 522, 523, 525, 533, 538, 543, 555, 556, 558, 567, 583, 584, 586, 595, 604, 613, 629, 643, 644], "summary": {"covered_lines": 73, "num_statements": 73, "percent_covered": 100.0, "percent_covered_display": "100", "missing_lines": 0, "excluded_lines": 0, "percent_statements_covered": 100.0, "percent_statements_covered_display": "100"}, "missing_lines": [], "excluded_lines": []}}}, "parking/license_plate_models.py": {"executed_lines": [1, 14, 15, 18, 19, 21, 22, 23, 25, 26, 27, 28, 30, 34, 35, 37, 38, 39, 40, 42, 43, 44, 45, 46, 48, 52, 53, 55, 61, 62, 63, 65, 66, 68, 69, 70, 71, 72, 77, 80, 81, 91, 94, 95, 96, 105, 106, 109, 110, 112, 118, 119, 120, 121, 122, 123, 125, 126, 128, 135, 136, 137, 139, 140, 141, 142, 143, 148, 151, 153, 154, 155, 158, 159, 161, 167, 173, 174, 180, 181, 189, 190, 192, 193, 194, 195, 196, 201], "summary": {"covered_lines": 82, "num_statements": 89, "percent_covered": 92.13483146067416, "percent_covered_display": "92", "missing_lines": 7, "excluded_lines": 0, "percent_statements_covered": 92.13483146067416, "percent_statements_covered_display": "92"}, "missing_lines": [31, 49, 78, 92, 97, 149, 202], "excluded_lines": [], "functions": {"Province.__str__": {"executed_lines": [], "summary": {"covered_lines": 0, "num_statements": 1, "percent_covered": 0.0, "percent_covered_display": "0", "missing_lines": 1, "excluded_lines": 0, "percent_statements_covered": 0.0, "percent_statements_covered_display": "0"}, "missing_lines": [31], "excluded_lines": []}, "City.__str__": {"executed_lines": [], "summary": {"covered_lines": 0, "num_statements": 1, "percent_covered": 0.0, "percent_covered_display": "0", "missing_lines": 1, "excluded_lines": 0, "percent_statements_covered": 0.0, "percent_statements_covered_display": "0"}, "missing_lines": [49], "excluded_lines": []}, "LicensePlateLocation.__str__": {"executed_lines": [], "summary": {"covered_lines": 0, "num_statements": 1, "percent_covered": 0.0, "percent_covered_display": "0", "missing_lines": 1, "excluded_lines": 0, "percent_statements_covered": 0.0, "percent_statements_covered_display": "0"}, "missing_lines": [78], "excluded_lines": []}, "LicensePlateLocation.get_location_by_plate": {"executed_lines": [91, 94, 95, 96, 105, 106], "summary": {"covered_lines": 6, "num_statements": 8, "percent_covered": 75.0, "percent_covered_display": "75", "missing_lines": 2, "excluded_lines": 0, "percent_statements_covered": 75.0, "percent_statements_covered_display": "75"}, "missing_lines": [92, 97], "excluded_lines": []}, "WantedVehicle.__str__": {"executed_lines": [], "summary": {"covered_lines": 0, "num_statements": 1, "percent_covered": 0.0, "percent_covered_display": "0", "missing_lines": 1, "excluded_lines": 0, "percent_statements_covered": 0.0, "percent_statements_covered_display": "0"}, "missing_lines": [149], "excluded_lines": []}, "WantedVehicle.cancel": {"executed_lines": [153, 154, 155], "summary": {"covered_lines": 3, "num_statements": 3, "percent_covered": 100.0, "percent_covered_display": "100", "missing_lines": 0, "excluded_lines": 0, "percent_statements_covered": 100.0, "percent_statements_covered_display": "100"}, "missing_lines": [], "excluded_lines": []}, "VehicleAlertLog.__str__": {"executed_lines": [], "summary": {"covered_lines": 0, "num_statements": 1, "percent_covered": 0.0, "percent_covered_display": "0", "missing_lines": 1, "excluded_lines": 0, "percent_statements_covered": 0.0, "percent_statements_covered_display": "0"}, "missing_lines": [202], "excluded_lines": []}, "": {"executed_lines": [1, 14, 15, 18, 19, 21, 22, 23, 25, 26, 27, 28, 30, 34, 35, 37, 38, 39, 40, 42, 43, 44, 45, 46, 48, 52, 53, 55, 61, 62, 63, 65, 66, 68, 69, 70, 71, 72, 77, 80, 81, 109, 110, 112, 118, 119, 120, 121, 122, 123, 125, 126, 128, 135, 136, 137, 139, 140, 141, 142, 143, 148, 151, 158, 159, 161, 167, 173, 174, 180, 181, 189, 190, 192, 193, 194, 195, 196, 201], "summary": {"covered_lines": 73, "num_statements": 73, "percent_covered": 100.0, "percent_covered_display": "100", "missing_lines": 0, "excluded_lines": 0, "percent_statements_covered": 100.0, "percent_statements_covered_display": "100"}, "missing_lines": [], "excluded_lines": []}}, "classes": {"Province": {"executed_lines": [], "summary": {"covered_lines": 0, "num_statements": 1, "percent_covered": 0.0, "percent_covered_display": "0", "missing_lines": 1, "excluded_lines": 0, "percent_statements_covered": 0.0, "percent_statements_covered_display": "0"}, "missing_lines": [31], "excluded_lines": []}, "Province.Meta": {"executed_lines": [], "summary": {"covered_lines": 0, "num_statements": 0, "percent_covered": 100.0, "percent_covered_display": "100", "missing_lines": 0, "excluded_lines": 0, "percent_statements_covered": 100.0, "percent_statements_covered_display": "100"}, "missing_lines": [], "excluded_lines": []}, "City": {"executed_lines": [], "summary": {"covered_lines": 0, "num_statements": 1, "percent_covered": 0.0, "percent_covered_display": "0", "missing_lines": 1, "excluded_lines": 0, "percent_statements_covered": 0.0, "percent_statements_covered_display": "0"}, "missing_lines": [49], "excluded_lines": []}, "City.Meta": {"executed_lines": [], "summary": {"covered_lines": 0, "num_statements": 0, "percent_covered": 100.0, "percent_covered_display": "100", "missing_lines": 0, "excluded_lines": 0, "percent_statements_covered": 100.0, "percent_statements_covered_display": "100"}, "missing_lines": [], "excluded_lines": []}, "LicensePlateLocation": {"executed_lines": [91, 94, 95, 96, 105, 106], "summary": {"covered_lines": 6, "num_statements": 9, "percent_covered": 66.66666666666667, "percent_covered_display": "67", "missing_lines": 3, "excluded_lines": 0, "percent_statements_covered": 66.66666666666667, "percent_statements_covered_display": "67"}, "missing_lines": [78, 92, 97], "excluded_lines": []}, "LicensePlateLocation.Meta": {"executed_lines": [], "summary": {"covered_lines": 0, "num_statements": 0, "percent_covered": 100.0, "percent_covered_display": "100", "missing_lines": 0, "excluded_lines": 0, "percent_statements_covered": 100.0, "percent_statements_covered_display": "100"}, "missing_lines": [], "excluded_lines": []}, "WantedVehicle": {"executed_lines": [153, 154, 155], "summary": {"covered_lines": 3, "num_statements": 4, "percent_covered": 75.0, "percent_covered_display": "75", "missing_lines": 1, "excluded_lines": 0, "percent_statements_covered": 75.0, "percent_statements_covered_display": "75"}, "missing_lines": [149], "excluded_lines": []}, "WantedVehicle.Meta": {"executed_lines": [], "summary": {"covered_lines": 0, "num_statements": 0, "percent_covered": 100.0, "percent_covered_display": "100", "missing_lines": 0, "excluded_lines": 0, "percent_statements_covered": 100.0, "percent_statements_covered_display": "100"}, "missing_lines": [], "excluded_lines": []}, "VehicleAlertLog": {"executed_lines": [], "summary": {"covered_lines": 0, "num_statements": 1, "percent_covered": 0.0, "percent_covered_display": "0", "missing_lines": 1, "excluded_lines": 0, "percent_statements_covered": 0.0, "percent_statements_covered_display": "0"}, "missing_lines": [202], "excluded_lines": []}, "VehicleAlertLog.Meta": {"executed_lines": [], "summary": {"covered_lines": 0, "num_statements": 0, "percent_covered": 100.0, "percent_covered_display": "100", "missing_lines": 0, "excluded_lines": 0, "percent_statements_covered": 100.0, "percent_statements_covered_display": "100"}, "missing_lines": [], "excluded_lines": []}, "": {"executed_lines": [1, 14, 15, 18, 19, 21, 22, 23, 25, 26, 27, 28, 30, 34, 35, 37, 38, 39, 40, 42, 43, 44, 45, 46, 48, 52, 53, 55, 61, 62, 63, 65, 66, 68, 69, 70, 71, 72, 77, 80, 81, 109, 110, 112, 118, 119, 120, 121, 122, 123, 125, 126, 128, 135, 136, 137, 139, 140, 141, 142, 143, 148, 151, 158, 159, 161, 167, 173, 174, 180, 181, 189, 190, 192, 193, 194, 195, 196, 201], "summary": {"covered_lines": 73, "num_statements": 73, "percent_covered": 100.0, "percent_covered_display": "100", "missing_lines": 0, "excluded_lines": 0, "percent_statements_covered": 100.0, "percent_statements_covered_display": "100"}, "missing_lines": [], "excluded_lines": []}}}, "parking/management/__init__.py": {"executed_lines": [0], "summary": {"covered_lines": 0, "num_statements": 0, "percent_covered": 100.0, "percent_covered_display": "100", "missing_lines": 0, "excluded_lines": 0, "percent_statements_covered": 100.0, "percent_statements_covered_display": "100"}, "missing_lines": [], "excluded_lines": [], "functions": {"": {"executed_lines": [], "summary": {"covered_lines": 0, "num_statements": 0, "percent_covered": 100.0, "percent_covered_display": "100", "missing_lines": 0, "excluded_lines": 0, "percent_statements_covered": 100.0, "percent_statements_covered_display": "100"}, "missing_lines": [], "excluded_lines": []}}, "classes": {"": {"executed_lines": [], "summary": {"covered_lines": 0, "num_statements": 0, "percent_covered": 100.0, "percent_covered_display": "100", "missing_lines": 0, "excluded_lines": 0, "percent_statements_covered": 100.0, "percent_statements_covered_display": "100"}, "missing_lines": [], "excluded_lines": []}}}, "parking/management/commands/__init__.py": {"executed_lines": [0], "summary": {"covered_lines": 0, "num_statements": 0, "percent_covered": 100.0, "percent_covered_display": "100", "missing_lines": 0, "excluded_lines": 0, "percent_statements_covered": 100.0, "percent_statements_covered_display": "100"}, "missing_lines": [], "excluded_lines": [], "functions": {"": {"executed_lines": [], "summary": {"covered_lines": 0, "num_statements": 0, "percent_covered": 100.0, "percent_covered_display": "100", "missing_lines": 0, "excluded_lines": 0, "percent_statements_covered": 100.0, "percent_statements_covered_display": "100"}, "missing_lines": [], "excluded_lines": []}}, "classes": {"": {"executed_lines": [], "summary": {"covered_lines": 0, "num_statements": 0, "percent_covered": 100.0, "percent_covered_display": "100", "missing_lines": 0, "excluded_lines": 0, "percent_statements_covered": 100.0, "percent_statements_covered_display": "100"}, "missing_lines": [], "excluded_lines": []}}}, "parking/management/commands/analyze_queries.py": {"executed_lines": [], "summary": {"covered_lines": 0, "num_statements": 56, "percent_covered": 0.0, "percent_covered_display": "0", "missing_lines": 56, "excluded_lines": 0, "percent_statements_covered": 0.0, "percent_statements_covered_display": "0"}, "missing_lines": [7, 8, 9, 10, 11, 14, 15, 17, 18, 24, 31, 32, 33, 35, 38, 40, 41, 42, 45, 47, 48, 49, 51, 52, 55, 57, 58, 59, 65, 71, 73, 74, 75, 80, 83, 84, 86, 88, 90, 92, 94, 95, 97, 99, 101, 102, 105, 106, 109, 110, 113, 114, 116, 117, 118, 120], "excluded_lines": [], "functions": {"Command.add_arguments": {"executed_lines": [], "summary": {"covered_lines": 0, "num_statements": 2, "percent_covered": 0.0, "percent_covered_display": "0", "missing_lines": 2, "excluded_lines": 0, "percent_statements_covered": 0.0, "percent_statements_covered_display": "0"}, "missing_lines": [18, 24], "excluded_lines": []}, "Command.handle": {"executed_lines": [], "summary": {"covered_lines": 0, "num_statements": 25, "percent_covered": 0.0, "percent_covered_display": "0", "missing_lines": 25, "excluded_lines": 0, "percent_statements_covered": 0.0, "percent_statements_covered_display": "0"}, "missing_lines": [32, 33, 35, 38, 40, 41, 42, 45, 47, 48, 49, 51, 52, 55, 57, 58, 59, 65, 71, 73, 74, 75, 80, 83, 84], "excluded_lines": []}, "Command.simplify_sql": {"executed_lines": [], "summary": {"covered_lines": 0, "num_statements": 5, "percent_covered": 0.0, "percent_covered_display": "0", "missing_lines": 5, "excluded_lines": 0, "percent_statements_covered": 0.0, "percent_statements_covered_display": "0"}, "missing_lines": [88, 90, 92, 94, 95], "excluded_lines": []}, "Command.generate_suggestions": {"executed_lines": [], "summary": {"covered_lines": 0, "num_statements": 13, "percent_covered": 0.0, "percent_covered_display": "0", "missing_lines": 13, "excluded_lines": 0, "percent_statements_covered": 0.0, "percent_statements_covered_display": "0"}, "missing_lines": [99, 101, 102, 105, 106, 109, 110, 113, 114, 116, 117, 118, 120], "excluded_lines": []}, "": {"executed_lines": [], "summary": {"covered_lines": 0, "num_statements": 11, "percent_covered": 0.0, "percent_covered_display": "0", "missing_lines": 11, "excluded_lines": 0, "percent_statements_covered": 0.0, "percent_statements_covered_display": "0"}, "missing_lines": [7, 8, 9, 10, 11, 14, 15, 17, 31, 86, 97], "excluded_lines": []}}, "classes": {"Command": {"executed_lines": [], "summary": {"covered_lines": 0, "num_statements": 45, "percent_covered": 0.0, "percent_covered_display": "0", "missing_lines": 45, "excluded_lines": 0, "percent_statements_covered": 0.0, "percent_statements_covered_display": "0"}, "missing_lines": [18, 24, 32, 33, 35, 38, 40, 41, 42, 45, 47, 48, 49, 51, 52, 55, 57, 58, 59, 65, 71, 73, 74, 75, 80, 83, 84, 88, 90, 92, 94, 95, 99, 101, 102, 105, 106, 109, 110, 113, 114, 116, 117, 118, 120], "excluded_lines": []}, "": {"executed_lines": [], "summary": {"covered_lines": 0, "num_statements": 11, "percent_covered": 0.0, "percent_covered_display": "0", "missing_lines": 11, "excluded_lines": 0, "percent_statements_covered": 0.0, "percent_statements_covered_display": "0"}, "missing_lines": [7, 8, 9, 10, 11, 14, 15, 17, 31, 86, 97], "excluded_lines": []}}}, "parking/management/commands/check_indexes.py": {"executed_lines": [], "summary": {"covered_lines": 0, "num_statements": 49, "percent_covered": 0.0, "percent_covered_display": "0", "missing_lines": 49, "excluded_lines": 0, "percent_statements_covered": 0.0, "percent_statements_covered_display": "0"}, "missing_lines": [7, 8, 9, 12, 13, 15, 16, 19, 21, 23, 25, 26, 28, 29, 37, 39, 40, 47, 48, 49, 50, 57, 60, 61, 63, 65, 67, 68, 69, 71, 72, 73, 79, 80, 88, 90, 92, 94, 96, 97, 98, 106, 107, 108, 109, 110, 119, 120, 121], "excluded_lines": [], "functions": {"Command.handle": {"executed_lines": [], "summary": {"covered_lines": 0, "num_statements": 18, "percent_covered": 0.0, "percent_covered_display": "0", "missing_lines": 18, "excluded_lines": 0, "percent_statements_covered": 0.0, "percent_statements_covered_display": "0"}, "missing_lines": [16, 19, 21, 23, 25, 26, 28, 29, 37, 39, 40, 47, 48, 49, 50, 57, 60, 61], "excluded_lines": []}, "Command.has_index": {"executed_lines": [], "summary": {"covered_lines": 0, "num_statements": 11, "percent_covered": 0.0, "percent_covered_display": "0", "missing_lines": 11, "excluded_lines": 0, "percent_statements_covered": 0.0, "percent_statements_covered_display": "0"}, "missing_lines": [65, 67, 68, 69, 71, 72, 73, 79, 80, 88, 90], "excluded_lines": []}, "Command.show_index_stats": {"executed_lines": [], "summary": {"covered_lines": 0, "num_statements": 12, "percent_covered": 0.0, "percent_covered_display": "0", "missing_lines": 12, "excluded_lines": 0, "percent_statements_covered": 0.0, "percent_statements_covered_display": "0"}, "missing_lines": [94, 96, 97, 98, 106, 107, 108, 109, 110, 119, 120, 121], "excluded_lines": []}, "": {"executed_lines": [], "summary": {"covered_lines": 0, "num_statements": 8, "percent_covered": 0.0, "percent_covered_display": "0", "missing_lines": 8, "excluded_lines": 0, "percent_statements_covered": 0.0, "percent_statements_covered_display": "0"}, "missing_lines": [7, 8, 9, 12, 13, 15, 63, 92], "excluded_lines": []}}, "classes": {"Command": {"executed_lines": [], "summary": {"covered_lines": 0, "num_statements": 41, "percent_covered": 0.0, "percent_covered_display": "0", "missing_lines": 41, "excluded_lines": 0, "percent_statements_covered": 0.0, "percent_statements_covered_display": "0"}, "missing_lines": [16, 19, 21, 23, 25, 26, 28, 29, 37, 39, 40, 47, 48, 49, 50, 57, 60, 61, 65, 67, 68, 69, 71, 72, 73, 79, 80, 88, 90, 94, 96, 97, 98, 106, 107, 108, 109, 110, 119, 120, 121], "excluded_lines": []}, "": {"executed_lines": [], "summary": {"covered_lines": 0, "num_statements": 8, "percent_covered": 0.0, "percent_covered_display": "0", "missing_lines": 8, "excluded_lines": 0, "percent_statements_covered": 0.0, "percent_statements_covered_display": "0"}, "missing_lines": [7, 8, 9, 12, 13, 15, 63, 92], "excluded_lines": []}}}, "parking/management/commands/init_license_plate_data.py": {"executed_lines": [1, 13, 15, 18, 19, 21, 22, 25, 62, 63, 64, 68, 69, 70, 73, 108, 109, 112, 115, 120, 121, 124, 125, 133, 134, 136, 137, 138, 139], "summary": {"covered_lines": 28, "num_statements": 29, "percent_covered": 96.55172413793103, "percent_covered_display": "97", "missing_lines": 1, "excluded_lines": 0, "percent_statements_covered": 96.55172413793103, "percent_statements_covered_display": "97"}, "missing_lines": [110], "excluded_lines": [], "functions": {"Command.handle": {"executed_lines": [22, 25, 62, 63, 64, 68, 69, 70, 73, 108, 109, 112, 115, 120, 121, 124, 125, 133, 134, 136, 137, 138, 139], "summary": {"covered_lines": 23, "num_statements": 24, "percent_covered": 95.83333333333333, "percent_covered_display": "96", "missing_lines": 1, "excluded_lines": 0, "percent_statements_covered": 95.83333333333333, "percent_statements_covered_display": "96"}, "missing_lines": [110], "excluded_lines": []}, "": {"executed_lines": [1, 13, 15, 18, 19, 21], "summary": {"covered_lines": 5, "num_statements": 5, "percent_covered": 100.0, "percent_covered_display": "100", "missing_lines": 0, "excluded_lines": 0, "percent_statements_covered": 100.0, "percent_statements_covered_display": "100"}, "missing_lines": [], "excluded_lines": []}}, "classes": {"Command": {"executed_lines": [22, 25, 62, 63, 64, 68, 69, 70, 73, 108, 109, 112, 115, 120, 121, 124, 125, 133, 134, 136, 137, 138, 139], "summary": {"covered_lines": 23, "num_statements": 24, "percent_covered": 95.83333333333333, "percent_covered_display": "96", "missing_lines": 1, "excluded_lines": 0, "percent_statements_covered": 95.83333333333333, "percent_statements_covered_display": "96"}, "missing_lines": [110], "excluded_lines": []}, "": {"executed_lines": [1, 13, 15, 18, 19, 21], "summary": {"covered_lines": 5, "num_statements": 5, "percent_covered": 100.0, "percent_covered_display": "100", "missing_lines": 0, "excluded_lines": 0, "percent_statements_covered": 100.0, "percent_statements_covered_display": "100"}, "missing_lines": [], "excluded_lines": []}}}, "parking/management/commands/init_test_data.py": {"executed_lines": [], "summary": {"covered_lines": 0, "num_statements": 106, "percent_covered": 0.0, "percent_covered_display": "0", "missing_lines": 106, "excluded_lines": 0, "percent_statements_covered": 0.0, "percent_statements_covered_display": "0"}, "missing_lines": [6, 7, 8, 9, 10, 12, 16, 26, 37, 46, 47, 49, 50, 56, 57, 58, 59, 61, 62, 64, 65, 67, 68, 70, 71, 73, 74, 76, 77, 79, 81, 83, 84, 85, 86, 87, 90, 92, 94, 97, 100, 103, 106, 109, 110, 113, 117, 120, 124, 126, 128, 130, 140, 141, 142, 144, 145, 147, 150, 159, 160, 161, 162, 163, 168, 169, 171, 173, 175, 176, 178, 179, 193, 194, 196, 199, 207, 208, 209, 210, 213, 220, 221, 222, 223, 224, 227, 234, 235, 236, 237, 238, 240, 242, 243, 244, 245, 246, 247, 248, 249, 250, 251, 252, 253, 254], "excluded_lines": [], "functions": {"Command.add_arguments": {"executed_lines": [], "summary": {"covered_lines": 0, "num_statements": 1, "percent_covered": 0.0, "percent_covered_display": "0", "missing_lines": 1, "excluded_lines": 0, "percent_statements_covered": 0.0, "percent_statements_covered_display": "0"}, "missing_lines": [50], "excluded_lines": []}, "Command.handle": {"executed_lines": [], "summary": {"covered_lines": 0, "num_statements": 15, "percent_covered": 0.0, "percent_covered_display": "0", "missing_lines": 15, "excluded_lines": 0, "percent_statements_covered": 0.0, "percent_statements_covered_display": "0"}, "missing_lines": [57, 58, 59, 61, 62, 64, 65, 67, 68, 70, 71, 73, 74, 76, 77], "excluded_lines": []}, "Command._clear_data": {"executed_lines": [], "summary": {"covered_lines": 0, "num_statements": 8, "percent_covered": 0.0, "percent_covered_display": "0", "missing_lines": 8, "excluded_lines": 0, "percent_statements_covered": 0.0, "percent_statements_covered_display": "0"}, "missing_lines": [81, 83, 84, 85, 86, 87, 90, 92], "excluded_lines": []}, "Command._create_roles": {"executed_lines": [], "summary": {"covered_lines": 0, "num_statements": 11, "percent_covered": 0.0, "percent_covered_display": "0", "missing_lines": 11, "excluded_lines": 0, "percent_statements_covered": 0.0, "percent_statements_covered_display": "0"}, "missing_lines": [97, 100, 103, 106, 109, 110, 113, 117, 120, 124, 126], "excluded_lines": []}, "Command._create_parking_lot": {"executed_lines": [], "summary": {"covered_lines": 0, "num_statements": 6, "percent_covered": 0.0, "percent_covered_display": "0", "missing_lines": 6, "excluded_lines": 0, "percent_statements_covered": 0.0, "percent_statements_covered_display": "0"}, "missing_lines": [130, 140, 141, 142, 144, 145], "excluded_lines": []}, "Command._create_parking_spaces": {"executed_lines": [], "summary": {"covered_lines": 0, "num_statements": 9, "percent_covered": 0.0, "percent_covered_display": "0", "missing_lines": 9, "excluded_lines": 0, "percent_statements_covered": 0.0, "percent_statements_covered_display": "0"}, "missing_lines": [150, 159, 160, 161, 162, 163, 168, 169, 171], "excluded_lines": []}, "Command._create_vip_vehicles": {"executed_lines": [], "summary": {"covered_lines": 0, "num_statements": 6, "percent_covered": 0.0, "percent_covered_display": "0", "missing_lines": 6, "excluded_lines": 0, "percent_statements_covered": 0.0, "percent_statements_covered_display": "0"}, "missing_lines": [175, 176, 178, 179, 193, 194], "excluded_lines": []}, "Command._create_test_users": {"executed_lines": [], "summary": {"covered_lines": 0, "num_statements": 17, "percent_covered": 0.0, "percent_covered_display": "0", "missing_lines": 17, "excluded_lines": 0, "percent_statements_covered": 0.0, "percent_statements_covered_display": "0"}, "missing_lines": [199, 207, 208, 209, 210, 213, 220, 221, 222, 223, 224, 227, 234, 235, 236, 237, 238], "excluded_lines": []}, "Command._print_summary": {"executed_lines": [], "summary": {"covered_lines": 0, "num_statements": 13, "percent_covered": 0.0, "percent_covered_display": "0", "missing_lines": 13, "excluded_lines": 0, "percent_statements_covered": 0.0, "percent_statements_covered_display": "0"}, "missing_lines": [242, 243, 244, 245, 246, 247, 248, 249, 250, 251, 252, 253, 254], "excluded_lines": []}, "": {"executed_lines": [], "summary": {"covered_lines": 0, "num_statements": 20, "percent_covered": 0.0, "percent_covered_display": "0", "missing_lines": 20, "excluded_lines": 0, "percent_statements_covered": 0.0, "percent_statements_covered_display": "0"}, "missing_lines": [6, 7, 8, 9, 10, 12, 16, 26, 37, 46, 47, 49, 56, 79, 94, 128, 147, 173, 196, 240], "excluded_lines": []}}, "classes": {"Command": {"executed_lines": [], "summary": {"covered_lines": 0, "num_statements": 86, "percent_covered": 0.0, "percent_covered_display": "0", "missing_lines": 86, "excluded_lines": 0, "percent_statements_covered": 0.0, "percent_statements_covered_display": "0"}, "missing_lines": [50, 57, 58, 59, 61, 62, 64, 65, 67, 68, 70, 71, 73, 74, 76, 77, 81, 83, 84, 85, 86, 87, 90, 92, 97, 100, 103, 106, 109, 110, 113, 117, 120, 124, 126, 130, 140, 141, 142, 144, 145, 150, 159, 160, 161, 162, 163, 168, 169, 171, 175, 176, 178, 179, 193, 194, 199, 207, 208, 209, 210, 213, 220, 221, 222, 223, 224, 227, 234, 235, 236, 237, 238, 242, 243, 244, 245, 246, 247, 248, 249, 250, 251, 252, 253, 254], "excluded_lines": []}, "": {"executed_lines": [], "summary": {"covered_lines": 0, "num_statements": 20, "percent_covered": 0.0, "percent_covered_display": "0", "missing_lines": 20, "excluded_lines": 0, "percent_statements_covered": 0.0, "percent_statements_covered_display": "0"}, "missing_lines": [6, 7, 8, 9, 10, 12, 16, 26, 37, 46, 47, 49, 56, 79, 94, 128, 147, 173, 196, 240], "excluded_lines": []}}}, "parking/middleware.py": {"executed_lines": [1, 10, 12, 13, 14, 15, 16, 19, 20, 26, 27, 29, 31, 32, 33, 34, 35, 37, 54, 55, 58, 59, 65, 66, 68, 69, 72, 74, 75, 76, 77, 79, 82, 85, 90, 94], "summary": {"covered_lines": 33, "num_statements": 43, "percent_covered": 76.74418604651163, "percent_covered_display": "77", "missing_lines": 10, "excluded_lines": 0, "percent_statements_covered": 76.74418604651163, "percent_statements_covered_display": "77"}, "missing_lines": [39, 40, 43, 44, 50, 52, 86, 87, 91, 92], "excluded_lines": [], "functions": {"SessionExpiryMiddleware.__init__": {"executed_lines": [27], "summary": {"covered_lines": 1, "num_statements": 1, "percent_covered": 100.0, "percent_covered_display": "100", "missing_lines": 0, "excluded_lines": 0, "percent_statements_covered": 100.0, "percent_statements_covered_display": "100"}, "missing_lines": [], "excluded_lines": []}, "SessionExpiryMiddleware.__call__": {"executed_lines": [31, 32, 33, 34, 35, 37, 54, 55], "summary": {"covered_lines": 8, "num_statements": 14, "percent_covered": 57.142857142857146, "percent_covered_display": "57", "missing_lines": 6, "excluded_lines": 0, "percent_statements_covered": 57.142857142857146, "percent_statements_covered_display": "57"}, "missing_lines": [39, 40, 43, 44, 50, 52], "excluded_lines": []}, "PermissionCheckMiddleware.__init__": {"executed_lines": [66], "summary": {"covered_lines": 1, "num_statements": 1, "percent_covered": 100.0, "percent_covered_display": "100", "missing_lines": 0, "excluded_lines": 0, "percent_statements_covered": 100.0, "percent_statements_covered_display": "100"}, "missing_lines": [], "excluded_lines": []}, "PermissionCheckMiddleware.__call__": {"executed_lines": [69, 72, 74, 75, 76, 77, 79, 82, 85, 90, 94], "summary": {"covered_lines": 11, "num_statements": 15, "percent_covered": 73.33333333333333, "percent_covered_display": "73", "missing_lines": 4, "excluded_lines": 0, "percent_statements_covered": 73.33333333333333, "percent_statements_covered_display": "73"}, "missing_lines": [86, 87, 91, 92], "excluded_lines": []}, "": {"executed_lines": [1, 10, 12, 13, 14, 15, 16, 19, 20, 26, 29, 58, 59, 65, 68], "summary": {"covered_lines": 12, "num_statements": 12, "percent_covered": 100.0, "percent_covered_display": "100", "missing_lines": 0, "excluded_lines": 0, "percent_statements_covered": 100.0, "percent_statements_covered_display": "100"}, "missing_lines": [], "excluded_lines": []}}, "classes": {"SessionExpiryMiddleware": {"executed_lines": [27, 31, 32, 33, 34, 35, 37, 54, 55], "summary": {"covered_lines": 9, "num_statements": 15, "percent_covered": 60.0, "percent_covered_display": "60", "missing_lines": 6, "excluded_lines": 0, "percent_statements_covered": 60.0, "percent_statements_covered_display": "60"}, "missing_lines": [39, 40, 43, 44, 50, 52], "excluded_lines": []}, "PermissionCheckMiddleware": {"executed_lines": [66, 69, 72, 74, 75, 76, 77, 79, 82, 85, 90, 94], "summary": {"covered_lines": 12, "num_statements": 16, "percent_covered": 75.0, "percent_covered_display": "75", "missing_lines": 4, "excluded_lines": 0, "percent_statements_covered": 75.0, "percent_statements_covered_display": "75"}, "missing_lines": [86, 87, 91, 92], "excluded_lines": []}, "": {"executed_lines": [1, 10, 12, 13, 14, 15, 16, 19, 20, 26, 29, 58, 59, 65, 68], "summary": {"covered_lines": 12, "num_statements": 12, "percent_covered": 100.0, "percent_covered_display": "100", "missing_lines": 0, "excluded_lines": 0, "percent_statements_covered": 100.0, "percent_statements_covered_display": "100"}, "missing_lines": [], "excluded_lines": []}}}, "parking/migrations/0001_initial.py": {"executed_lines": [], "summary": {"covered_lines": 0, "num_statements": 9, "percent_covered": 0.0, "percent_covered_display": "0", "missing_lines": 9, "excluded_lines": 0, "percent_statements_covered": 0.0, "percent_statements_covered_display": "0"}, "missing_lines": [3, 4, 5, 6, 7, 10, 12, 14, 18], "excluded_lines": [], "functions": {"": {"executed_lines": [], "summary": {"covered_lines": 0, "num_statements": 9, "percent_covered": 0.0, "percent_covered_display": "0", "missing_lines": 9, "excluded_lines": 0, "percent_statements_covered": 0.0, "percent_statements_covered_display": "0"}, "missing_lines": [3, 4, 5, 6, 7, 10, 12, 14, 18], "excluded_lines": []}}, "classes": {"Migration": {"executed_lines": [], "summary": {"covered_lines": 0, "num_statements": 0, "percent_covered": 100.0, "percent_covered_display": "100", "missing_lines": 0, "excluded_lines": 0, "percent_statements_covered": 100.0, "percent_statements_covered_display": "100"}, "missing_lines": [], "excluded_lines": []}, "": {"executed_lines": [], "summary": {"covered_lines": 0, "num_statements": 9, "percent_covered": 0.0, "percent_covered_display": "0", "missing_lines": 9, "excluded_lines": 0, "percent_statements_covered": 0.0, "percent_statements_covered_display": "0"}, "missing_lines": [3, 4, 5, 6, 7, 10, 12, 14, 18], "excluded_lines": []}}}, "parking/migrations/0002_rename_parking_par_entry_t_647a06_idx_record_entry_time_idx_and_more.py": {"executed_lines": [], "summary": {"covered_lines": 0, "num_statements": 5, "percent_covered": 0.0, "percent_covered_display": "0", "missing_lines": 5, "excluded_lines": 0, "percent_statements_covered": 0.0, "percent_statements_covered_display": "0"}, "missing_lines": [3, 4, 7, 9, 14], "excluded_lines": [], "functions": {"": {"executed_lines": [], "summary": {"covered_lines": 0, "num_statements": 5, "percent_covered": 0.0, "percent_covered_display": "0", "missing_lines": 5, "excluded_lines": 0, "percent_statements_covered": 0.0, "percent_statements_covered_display": "0"}, "missing_lines": [3, 4, 7, 9, 14], "excluded_lines": []}}, "classes": {"Migration": {"executed_lines": [], "summary": {"covered_lines": 0, "num_statements": 0, "percent_covered": 100.0, "percent_covered_display": "100", "missing_lines": 0, "excluded_lines": 0, "percent_statements_covered": 100.0, "percent_statements_covered_display": "100"}, "missing_lines": [], "excluded_lines": []}, "": {"executed_lines": [], "summary": {"covered_lines": 0, "num_statements": 5, "percent_covered": 0.0, "percent_covered_display": "0", "missing_lines": 5, "excluded_lines": 0, "percent_statements_covered": 0.0, "percent_statements_covered_display": "0"}, "missing_lines": [3, 4, 7, 9, 14], "excluded_lines": []}}}, "parking/migrations/0003_alter_vehicle_license_plate.py": {"executed_lines": [], "summary": {"covered_lines": 0, "num_statements": 6, "percent_covered": 0.0, "percent_covered_display": "0", "missing_lines": 6, "excluded_lines": 0, "percent_statements_covered": 0.0, "percent_statements_covered_display": "0"}, "missing_lines": [3, 4, 5, 8, 10, 14], "excluded_lines": [], "functions": {"": {"executed_lines": [], "summary": {"covered_lines": 0, "num_statements": 6, "percent_covered": 0.0, "percent_covered_display": "0", "missing_lines": 6, "excluded_lines": 0, "percent_statements_covered": 0.0, "percent_statements_covered_display": "0"}, "missing_lines": [3, 4, 5, 8, 10, 14], "excluded_lines": []}}, "classes": {"Migration": {"executed_lines": [], "summary": {"covered_lines": 0, "num_statements": 0, "percent_covered": 100.0, "percent_covered_display": "100", "missing_lines": 0, "excluded_lines": 0, "percent_statements_covered": 100.0, "percent_statements_covered_display": "100"}, "missing_lines": [], "excluded_lines": []}, "": {"executed_lines": [], "summary": {"covered_lines": 0, "num_statements": 6, "percent_covered": 0.0, "percent_covered_display": "0", "missing_lines": 6, "excluded_lines": 0, "percent_statements_covered": 0.0, "percent_statements_covered_display": "0"}, "missing_lines": [3, 4, 5, 8, 10, 14], "excluded_lines": []}}}, "parking/migrations/0004_add_vip_vehicle_and_free_parking.py": {"executed_lines": [], "summary": {"covered_lines": 0, "num_statements": 9, "percent_covered": 0.0, "percent_covered_display": "0", "missing_lines": 9, "excluded_lines": 0, "percent_statements_covered": 0.0, "percent_statements_covered_display": "0"}, "missing_lines": [3, 4, 5, 6, 7, 8, 11, 13, 18], "excluded_lines": [], "functions": {"": {"executed_lines": [], "summary": {"covered_lines": 0, "num_statements": 9, "percent_covered": 0.0, "percent_covered_display": "0", "missing_lines": 9, "excluded_lines": 0, "percent_statements_covered": 0.0, "percent_statements_covered_display": "0"}, "missing_lines": [3, 4, 5, 6, 7, 8, 11, 13, 18], "excluded_lines": []}}, "classes": {"Migration": {"executed_lines": [], "summary": {"covered_lines": 0, "num_statements": 0, "percent_covered": 100.0, "percent_covered_display": "100", "missing_lines": 0, "excluded_lines": 0, "percent_statements_covered": 100.0, "percent_statements_covered_display": "100"}, "missing_lines": [], "excluded_lines": []}, "": {"executed_lines": [], "summary": {"covered_lines": 0, "num_statements": 9, "percent_covered": 0.0, "percent_covered_display": "0", "missing_lines": 9, "excluded_lines": 0, "percent_statements_covered": 0.0, "percent_statements_covered_display": "0"}, "missing_lines": [3, 4, 5, 6, 7, 8, 11, 13, 18], "excluded_lines": []}}}, "parking/migrations/0005_userprofile_verificationcode_contactmessage_and_more.py": {"executed_lines": [], "summary": {"covered_lines": 0, "num_statements": 6, "percent_covered": 0.0, "percent_covered_display": "0", "missing_lines": 6, "excluded_lines": 0, "percent_statements_covered": 0.0, "percent_statements_covered_display": "0"}, "missing_lines": [3, 4, 5, 8, 10, 15], "excluded_lines": [], "functions": {"": {"executed_lines": [], "summary": {"covered_lines": 0, "num_statements": 6, "percent_covered": 0.0, "percent_covered_display": "0", "missing_lines": 6, "excluded_lines": 0, "percent_statements_covered": 0.0, "percent_statements_covered_display": "0"}, "missing_lines": [3, 4, 5, 8, 10, 15], "excluded_lines": []}}, "classes": {"Migration": {"executed_lines": [], "summary": {"covered_lines": 0, "num_statements": 0, "percent_covered": 100.0, "percent_covered_display": "100", "missing_lines": 0, "excluded_lines": 0, "percent_statements_covered": 100.0, "percent_statements_covered_display": "100"}, "missing_lines": [], "excluded_lines": []}, "": {"executed_lines": [], "summary": {"covered_lines": 0, "num_statements": 6, "percent_covered": 0.0, "percent_covered_display": "0", "missing_lines": 6, "excluded_lines": 0, "percent_statements_covered": 0.0, "percent_statements_covered_display": "0"}, "missing_lines": [3, 4, 5, 8, 10, 15], "excluded_lines": []}}}, "parking/migrations/0006_pricingtemplate_parkinglot_areas_parkinglot_floors_and_more.py": {"executed_lines": [], "summary": {"covered_lines": 0, "num_statements": 7, "percent_covered": 0.0, "percent_covered_display": "0", "missing_lines": 7, "excluded_lines": 0, "percent_statements_covered": 0.0, "percent_statements_covered_display": "0"}, "missing_lines": [3, 4, 5, 6, 9, 11, 15], "excluded_lines": [], "functions": {"": {"executed_lines": [], "summary": {"covered_lines": 0, "num_statements": 7, "percent_covered": 0.0, "percent_covered_display": "0", "missing_lines": 7, "excluded_lines": 0, "percent_statements_covered": 0.0, "percent_statements_covered_display": "0"}, "missing_lines": [3, 4, 5, 6, 9, 11, 15], "excluded_lines": []}}, "classes": {"Migration": {"executed_lines": [], "summary": {"covered_lines": 0, "num_statements": 0, "percent_covered": 100.0, "percent_covered_display": "100", "missing_lines": 0, "excluded_lines": 0, "percent_statements_covered": 100.0, "percent_statements_covered_display": "100"}, "missing_lines": [], "excluded_lines": []}, "": {"executed_lines": [], "summary": {"covered_lines": 0, "num_statements": 7, "percent_covered": 0.0, "percent_covered_display": "0", "missing_lines": 7, "excluded_lines": 0, "percent_statements_covered": 0.0, "percent_statements_covered_display": "0"}, "missing_lines": [3, 4, 5, 6, 9, 11, 15], "excluded_lines": []}}}, "parking/migrations/0007_province_parkingrecord_plate_city_code_and_more.py": {"executed_lines": [], "summary": {"covered_lines": 0, "num_statements": 6, "percent_covered": 0.0, "percent_covered_display": "0", "missing_lines": 6, "excluded_lines": 0, "percent_statements_covered": 0.0, "percent_statements_covered_display": "0"}, "missing_lines": [3, 4, 5, 8, 10, 15], "excluded_lines": [], "functions": {"": {"executed_lines": [], "summary": {"covered_lines": 0, "num_statements": 6, "percent_covered": 0.0, "percent_covered_display": "0", "missing_lines": 6, "excluded_lines": 0, "percent_statements_covered": 0.0, "percent_statements_covered_display": "0"}, "missing_lines": [3, 4, 5, 8, 10, 15], "excluded_lines": []}}, "classes": {"Migration": {"executed_lines": [], "summary": {"covered_lines": 0, "num_statements": 0, "percent_covered": 100.0, "percent_covered_display": "100", "missing_lines": 0, "excluded_lines": 0, "percent_statements_covered": 100.0, "percent_statements_covered_display": "100"}, "missing_lines": [], "excluded_lines": []}, "": {"executed_lines": [], "summary": {"covered_lines": 0, "num_statements": 6, "percent_covered": 0.0, "percent_covered_display": "0", "missing_lines": 6, "excluded_lines": 0, "percent_statements_covered": 0.0, "percent_statements_covered_display": "0"}, "missing_lines": [3, 4, 5, 8, 10, 15], "excluded_lines": []}}}, "parking/migrations/__init__.py": {"executed_lines": [], "summary": {"covered_lines": 0, "num_statements": 0, "percent_covered": 100.0, "percent_covered_display": "100", "missing_lines": 0, "excluded_lines": 0, "percent_statements_covered": 100.0, "percent_statements_covered_display": "100"}, "missing_lines": [], "excluded_lines": [], "functions": {"": {"executed_lines": [], "summary": {"covered_lines": 0, "num_statements": 0, "percent_covered": 100.0, "percent_covered_display": "100", "missing_lines": 0, "excluded_lines": 0, "percent_statements_covered": 100.0, "percent_statements_covered_display": "100"}, "missing_lines": [], "excluded_lines": []}}, "classes": {"": {"executed_lines": [], "summary": {"covered_lines": 0, "num_statements": 0, "percent_covered": 100.0, "percent_covered_display": "100", "missing_lines": 0, "excluded_lines": 0, "percent_statements_covered": 100.0, "percent_statements_covered_display": "100"}, "missing_lines": [], "excluded_lines": []}}}, "parking/models.py": {"executed_lines": [], "summary": {"covered_lines": 0, "num_statements": 254, "percent_covered": 0.0, "percent_covered_display": "0", "missing_lines": 254, "excluded_lines": 0, "percent_statements_covered": 0.0, "percent_statements_covered_display": "0"}, "missing_lines": [18, 20, 21, 22, 23, 25, 26, 27, 28, 29, 33, 43, 48, 62, 78, 79, 82, 85, 86, 92, 93, 99, 100, 106, 107, 114, 121, 134, 141, 146, 151, 159, 166, 172, 178, 186, 191, 195, 200, 201, 202, 203, 204, 208, 210, 212, 213, 220, 221, 223, 224, 231, 234, 245, 252, 258, 265, 272, 277, 283, 288, 293, 297, 302, 303, 304, 305, 306, 307, 312, 314, 317, 324, 332, 340, 346, 351, 357, 365, 369, 375, 379, 383, 390, 394, 399, 400, 401, 402, 403, 408, 409, 411, 412, 414, 415, 417, 418, 419, 420, 421, 423, 425, 426, 428, 430, 431, 432, 433, 434, 436, 437, 438, 439, 440, 443, 450, 458, 466, 472, 478, 484, 488, 493, 494, 495, 496, 498, 500, 502, 503, 505, 510, 512, 513, 517, 518, 519, 520, 521, 523, 529, 532, 533, 536, 538, 543, 544, 547, 549, 552, 558, 564, 570, 574, 580, 586, 595, 600, 609, 614, 618, 623, 624, 625, 626, 627, 635, 637, 639, 644, 652, 658, 664, 670, 677, 694, 695, 696, 697, 698, 700, 702, 704, 707, 708, 710, 713, 714, 715, 716, 719, 720, 721, 723, 728, 730, 732, 733, 734, 737, 738, 739, 740, 743, 744, 746, 747, 750, 751, 752, 753, 755, 757, 774, 777, 778, 779, 782, 783, 785, 786, 787, 790, 791, 793, 794, 795, 796, 798, 799, 802, 803, 805, 807, 808, 809, 810, 813, 814, 816, 817, 818, 819, 820, 821, 823, 825, 833, 835, 836, 839, 840, 842], "excluded_lines": [], "functions": {"validate_license_plate": {"executed_lines": [], "summary": {"covered_lines": 0, "num_statements": 11, "percent_covered": 0.0, "percent_covered_display": "0", "missing_lines": 11, "excluded_lines": 0, "percent_statements_covered": 0.0, "percent_statements_covered_display": "0"}, "missing_lines": [78, 79, 82, 85, 86, 92, 93, 99, 100, 106, 107], "excluded_lines": []}, "ParkingLot.__str__": {"executed_lines": [], "summary": {"covered_lines": 0, "num_statements": 1, "percent_covered": 0.0, "percent_covered_display": "0", "missing_lines": 1, "excluded_lines": 0, "percent_statements_covered": 0.0, "percent_statements_covered_display": "0"}, "missing_lines": [210], "excluded_lines": []}, "ParkingLot.available_spaces": {"executed_lines": [], "summary": {"covered_lines": 0, "num_statements": 2, "percent_covered": 0.0, "percent_covered_display": "0", "missing_lines": 2, "excluded_lines": 0, "percent_statements_covered": 0.0, "percent_statements_covered_display": "0"}, "missing_lines": [220, 221], "excluded_lines": []}, "ParkingLot.occupied_spaces": {"executed_lines": [], "summary": {"covered_lines": 0, "num_statements": 1, "percent_covered": 0.0, "percent_covered_display": "0", "missing_lines": 1, "excluded_lines": 0, "percent_statements_covered": 0.0, "percent_statements_covered_display": "0"}, "missing_lines": [231], "excluded_lines": []}, "ParkingSpace.__str__": {"executed_lines": [], "summary": {"covered_lines": 0, "num_statements": 1, "percent_covered": 0.0, "percent_covered_display": "0", "missing_lines": 1, "excluded_lines": 0, "percent_statements_covered": 0.0, "percent_statements_covered_display": "0"}, "missing_lines": [314], "excluded_lines": []}, "VIPVehicle.__str__": {"executed_lines": [], "summary": {"covered_lines": 0, "num_statements": 1, "percent_covered": 0.0, "percent_covered_display": "0", "missing_lines": 1, "excluded_lines": 0, "percent_statements_covered": 0.0, "percent_statements_covered_display": "0"}, "missing_lines": [409], "excluded_lines": []}, "VIPVehicle.is_valid": {"executed_lines": [], "summary": {"covered_lines": 0, "num_statements": 8, "percent_covered": 0.0, "percent_covered_display": "0", "missing_lines": 8, "excluded_lines": 0, "percent_statements_covered": 0.0, "percent_statements_covered_display": "0"}, "missing_lines": [414, 415, 417, 418, 419, 420, 421, 423], "excluded_lines": []}, "VIPVehicle.is_free": {"executed_lines": [], "summary": {"covered_lines": 0, "num_statements": 1, "percent_covered": 0.0, "percent_covered_display": "0", "missing_lines": 1, "excluded_lines": 0, "percent_statements_covered": 0.0, "percent_statements_covered_display": "0"}, "missing_lines": [428], "excluded_lines": []}, "VIPVehicle.clean": {"executed_lines": [], "summary": {"covered_lines": 0, "num_statements": 4, "percent_covered": 0.0, "percent_covered_display": "0", "missing_lines": 4, "excluded_lines": 0, "percent_statements_covered": 0.0, "percent_statements_covered_display": "0"}, "missing_lines": [431, 432, 433, 434], "excluded_lines": []}, "VIPVehicle.save": {"executed_lines": [], "summary": {"covered_lines": 0, "num_statements": 4, "percent_covered": 0.0, "percent_covered_display": "0", "missing_lines": 4, "excluded_lines": 0, "percent_statements_covered": 0.0, "percent_statements_covered_display": "0"}, "missing_lines": [437, 438, 439, 440], "excluded_lines": []}, "Vehicle.__str__": {"executed_lines": [], "summary": {"covered_lines": 0, "num_statements": 1, "percent_covered": 0.0, "percent_covered_display": "0", "missing_lines": 1, "excluded_lines": 0, "percent_statements_covered": 0.0, "percent_statements_covered_display": "0"}, "missing_lines": [500], "excluded_lines": []}, "Vehicle.is_vip": {"executed_lines": [], "summary": {"covered_lines": 0, "num_statements": 1, "percent_covered": 0.0, "percent_covered_display": "0", "missing_lines": 1, "excluded_lines": 0, "percent_statements_covered": 0.0, "percent_statements_covered_display": "0"}, "missing_lines": [505], "excluded_lines": []}, "Vehicle.get_vip_info": {"executed_lines": [], "summary": {"covered_lines": 0, "num_statements": 7, "percent_covered": 0.0, "percent_covered_display": "0", "missing_lines": 7, "excluded_lines": 0, "percent_statements_covered": 0.0, "percent_statements_covered_display": "0"}, "missing_lines": [512, 513, 517, 518, 519, 520, 521], "excluded_lines": []}, "Vehicle.clean": {"executed_lines": [], "summary": {"covered_lines": 0, "num_statements": 4, "percent_covered": 0.0, "percent_covered_display": "0", "missing_lines": 4, "excluded_lines": 0, "percent_statements_covered": 0.0, "percent_statements_covered_display": "0"}, "missing_lines": [529, 532, 533, 536], "excluded_lines": []}, "Vehicle.save": {"executed_lines": [], "summary": {"covered_lines": 0, "num_statements": 4, "percent_covered": 0.0, "percent_covered_display": "0", "missing_lines": 4, "excluded_lines": 0, "percent_statements_covered": 0.0, "percent_statements_covered_display": "0"}, "missing_lines": [543, 544, 547, 549], "excluded_lines": []}, "ParkingRecord.__str__": {"executed_lines": [], "summary": {"covered_lines": 0, "num_statements": 1, "percent_covered": 0.0, "percent_covered_display": "0", "missing_lines": 1, "excluded_lines": 0, "percent_statements_covered": 0.0, "percent_statements_covered_display": "0"}, "missing_lines": [637], "excluded_lines": []}, "ParkingRecord.calculate_fee": {"executed_lines": [], "summary": {"covered_lines": 0, "num_statements": 37, "percent_covered": 0.0, "percent_covered_display": "0", "missing_lines": 37, "excluded_lines": 0, "percent_statements_covered": 0.0, "percent_statements_covered_display": "0"}, "missing_lines": [694, 695, 696, 697, 698, 700, 702, 704, 707, 708, 710, 713, 714, 715, 716, 719, 720, 721, 723, 728, 730, 732, 733, 734, 737, 738, 739, 740, 743, 744, 746, 747, 750, 751, 752, 753, 755], "excluded_lines": []}, "ParkingRecord._calculate_tiered_fee": {"executed_lines": [], "summary": {"covered_lines": 0, "num_statements": 33, "percent_covered": 0.0, "percent_covered_display": "0", "missing_lines": 33, "excluded_lines": 0, "percent_statements_covered": 0.0, "percent_statements_covered_display": "0"}, "missing_lines": [774, 777, 778, 779, 782, 783, 785, 786, 787, 790, 791, 793, 794, 795, 796, 798, 799, 802, 803, 805, 807, 808, 809, 810, 813, 814, 816, 817, 818, 819, 820, 821, 823], "excluded_lines": []}, "ParkingRecord.save": {"executed_lines": [], "summary": {"covered_lines": 0, "num_statements": 6, "percent_covered": 0.0, "percent_covered_display": "0", "missing_lines": 6, "excluded_lines": 0, "percent_statements_covered": 0.0, "percent_statements_covered_display": "0"}, "missing_lines": [833, 835, 836, 839, 840, 842], "excluded_lines": []}, "": {"executed_lines": [], "summary": {"covered_lines": 0, "num_statements": 126, "percent_covered": 0.0, "percent_covered_display": "0", "missing_lines": 126, "excluded_lines": 0, "percent_statements_covered": 0.0, "percent_statements_c
[...]
9, "excluded_lines": 0, "percent_statements_covered": 84.29752066115702, "percent_statements_covered_display": "84"}, "missing_lines": [34, 43, 51, 102, 103, 104, 105, 117, 118, 119, 220, 222, 238, 239, 268, 269, 276, 277, 278], "excluded_lines": []}}}, "parking/views/customer.py": {"executed_lines": [1, 12, 14, 15, 16, 17, 18, 20, 23, 24, 25], "summary": {"covered_lines": 10, "num_statements": 16, "percent_covered": 62.5, "percent_covered_display": "62", "missing_lines": 6, "excluded_lines": 0, "percent_statements_covered": 62.5, "percent_statements_covered_display": "62"}, "missing_lines": [31, 33, 34, 36, 37, 38], "excluded_lines": [], "functions": {"customer_index": {"executed_lines": [], "summary": {"covered_lines": 0, "num_statements": 6, "percent_covered": 0.0, "percent_covered_display": "0", "missing_lines": 6, "excluded_lines": 0, "percent_statements_covered": 0.0, "percent_statements_covered_display": "0"}, "missing_lines": [31, 33, 34, 36, 37, 38], "excluded_lines": []}, "": {"executed_lines": [1, 12, 14, 15, 16, 17, 18, 20, 23, 24, 25], "summary": {"covered_lines": 10, "num_statements": 10, "percent_covered": 100.0, "percent_covered_display": "100", "missing_lines": 0, "excluded_lines": 0, "percent_statements_covered": 100.0, "percent_statements_covered_display": "100"}, "missing_lines": [], "excluded_lines": []}}, "classes": {"": {"executed_lines": [1, 12, 14, 15, 16, 17, 18, 20, 23, 24, 25], "summary": {"covered_lines": 10, "num_statements": 16, "percent_covered": 62.5, "percent_covered_display": "62", "missing_lines": 6, "excluded_lines": 0, "percent_statements_covered": 62.5, "percent_statements_covered_display": "62"}, "missing_lines": [31, 33, 34, 36, 37, 38], "excluded_lines": []}}}, "parking/views/dashboard.py": {"executed_lines": [1, 6, 7, 9, 10, 11, 12, 13, 14, 15, 17, 20, 21, 22, 23, 48], "summary": {"covered_lines": 15, "num_statements": 24, "percent_covered": 62.5, "percent_covered_display": "62", "missing_lines": 9, "excluded_lines": 0, "percent_statements_covered": 62.5, "percent_statements_covered_display": "62"}, "missing_lines": [36, 38, 39, 40, 42, 43, 44, 45, 57], "excluded_lines": [], "functions": {"dashboard_view": {"executed_lines": [], "summary": {"covered_lines": 0, "num_statements": 8, "percent_covered": 0.0, "percent_covered_display": "0", "missing_lines": 8, "excluded_lines": 0, "percent_statements_covered": 0.0, "percent_statements_covered_display": "0"}, "missing_lines": [36, 38, 39, 40, 42, 43, 44, 45], "excluded_lines": []}, "_get_empty_dashboard_context": {"executed_lines": [], "summary": {"covered_lines": 0, "num_statements": 1, "percent_covered": 0.0, "percent_covered_display": "0", "missing_lines": 1, "excluded_lines": 0, "percent_statements_covered": 0.0, "percent_statements_covered_display": "0"}, "missing_lines": [57], "excluded_lines": []}, "": {"executed_lines": [1, 6, 7, 9, 10, 11, 12, 13, 14, 15, 17, 20, 21, 22, 23, 48], "summary": {"covered_lines": 15, "num_statements": 15, "percent_covered": 100.0, "percent_covered_display": "100", "missing_lines": 0, "excluded_lines": 0, "percent_statements_covered": 100.0, "percent_statements_covered_display": "100"}, "missing_lines": [], "excluded_lines": []}}, "classes": {"": {"executed_lines": [1, 6, 7, 9, 10, 11, 12, 13, 14, 15, 17, 20, 21, 22, 23, 48], "summary": {"covered_lines": 15, "num_statements": 24, "percent_covered": 62.5, "percent_covered_display": "62", "missing_lines": 9, "excluded_lines": 0, "percent_statements_covered": 62.5, "percent_statements_covered_display": "62"}, "missing_lines": [36, 38, 39, 40, 42, 43, 44, 45, 57], "excluded_lines": []}}}, "parking/views/i18n.py": {"executed_lines": [1, 7, 8, 9, 10, 11, 14, 15, 16], "summary": {"covered_lines": 8, "num_statements": 15, "percent_covered": 53.333333333333336, "percent_covered_display": "53", "missing_lines": 7, "excluded_lines": 0, "percent_statements_covered": 53.333333333333336, "percent_statements_covered_display": "53"}, "missing_lines": [20, 23, 24, 25, 28, 31, 33], "excluded_lines": [], "functions": {"set_language": {"executed_lines": [], "summary": {"covered_lines": 0, "num_statements": 7, "percent_covered": 0.0, "percent_covered_display": "0", "missing_lines": 7, "excluded_lines": 0, "percent_statements_covered": 0.0, "percent_statements_covered_display": "0"}, "missing_lines": [20, 23, 24, 25, 28, 31, 33], "excluded_lines": []}, "": {"executed_lines": [1, 7, 8, 9, 10, 11, 14, 15, 16], "summary": {"covered_lines": 8, "num_statements": 8, "percent_covered": 100.0, "percent_covered_display": "100", "missing_lines": 0, "excluded_lines": 0, "percent_statements_covered": 100.0, "percent_statements_covered_display": "100"}, "missing_lines": [], "excluded_lines": []}}, "classes": {"": {"executed_lines": [1, 7, 8, 9, 10, 11, 14, 15, 16], "summary": {"covered_lines": 8, "num_statements": 15, "percent_covered": 53.333333333333336, "percent_covered_display": "53", "missing_lines": 7, "excluded_lines": 0, "percent_statements_covered": 53.333333333333336, "percent_statements_covered_display": "53"}, "missing_lines": [20, 23, 24, 25, 28, 31, 33], "excluded_lines": []}}}, "parking/views/police.py": {"executed_lines": [1, 10, 11, 12, 14, 15, 16, 17, 18, 19, 20, 21, 23, 24, 25, 27, 30, 31, 32, 39, 40, 41, 42, 43, 44, 47, 57, 61, 65, 73, 80, 88, 92, 93, 94, 97, 100, 101, 103, 104, 109, 121, 122, 124, 136, 139, 140, 141], "summary": {"covered_lines": 47, "num_statements": 96, "percent_covered": 48.958333333333336, "percent_covered_display": "49", "missing_lines": 49, "excluded_lines": 0, "percent_statements_covered": 48.958333333333336, "percent_statements_covered_display": "49"}, "missing_lines": [58, 62, 66, 74, 75, 76, 77, 78, 81, 82, 83, 84, 85, 89, 105, 106, 148, 149, 150, 151, 152, 155, 161, 162, 163, 164, 165, 166, 167, 168, 169, 170, 171, 172, 173, 174, 175, 176, 177, 178, 181, 182, 183, 186, 187, 190, 191, 192, 206], "excluded_lines": [], "functions": {"police_query_view": {"executed_lines": [39, 40, 41, 42, 43, 44, 47, 57, 61, 65, 73, 80, 88, 92, 93, 94, 97, 100, 101, 103, 104, 109, 121, 122, 124, 136], "summary": {"covered_lines": 26, "num_statements": 42, "percent_covered": 61.904761904761905, "percent_covered_display": "62", "missing_lines": 16, "excluded_lines": 0, "percent_statements_covered": 61.904761904761905, "percent_statements_covered_display": "62"}, "missing_lines": [58, 62, 66, 74, 75, 76, 77, 78, 81, 82, 83, 84, 85, 89, 105, 106], "excluded_lines": []}, "police_query_api": {"executed_lines": [], "summary": {"covered_lines": 0, "num_statements": 33, "percent_covered": 0.0, "percent_covered_display": "0", "missing_lines": 33, "excluded_lines": 0, "percent_statements_covered": 0.0, "percent_statements_covered_display": "0"}, "missing_lines": [148, 149, 150, 151, 152, 155, 161, 162, 163, 164, 165, 166, 167, 168, 169, 170, 171, 172, 173, 174, 175, 176, 177, 178, 181, 182, 183, 186, 187, 190, 191, 192, 206], "excluded_lines": []}, "": {"executed_lines": [1, 10, 11, 12, 14, 15, 16, 17, 18, 19, 20, 21, 23, 24, 25, 27, 30, 31, 32, 139, 140, 141], "summary": {"covered_lines": 21, "num_statements": 21, "percent_covered": 100.0, "percent_covered_display": "100", "missing_lines": 0, "excluded_lines": 0, "percent_statements_covered": 100.0, "percent_statements_covered_display": "100"}, "missing_lines": [], "excluded_lines": []}}, "classes": {"": {"executed_lines": [1, 10, 11, 12, 14, 15, 16, 17, 18, 19, 20, 21, 23, 24, 25, 27, 30, 31, 32, 39, 40, 41, 42, 43, 44, 47, 57, 61, 65, 73, 80, 88, 92, 93, 94, 97, 100, 101, 103, 104, 109, 121, 122, 124, 136, 139, 140, 141], "summary": {"covered_lines": 47, "num_statements": 96, "percent_covered": 48.958333333333336, "percent_covered_display": "49", "missing_lines": 49, "excluded_lines": 0, "percent_statements_covered": 48.958333333333336, "percent_statements_covered_display": "49"}, "missing_lines": [58, 62, 66, 74, 75, 76, 77, 78, 81, 82, 83, 84, 85, 89, 105, 106, 148, 149, 150, 151, 152, 155, 161, 162, 163, 164, 165, 166, 167, 168, 169, 170, 171, 172, 173, 174, 175, 176, 177, 178, 181, 182, 183, 186, 187, 190, 191, 192, 206], "excluded_lines": []}}}, "parking/views/pricing.py": {"executed_lines": [1, 10, 12, 13, 14, 15, 16, 17, 19, 20, 23, 24, 25, 26, 27, 29, 31, 34, 37, 38, 39, 41, 42, 43, 45, 46, 47, 49, 50, 51, 52, 53, 55, 63, 64, 65, 68, 69, 72, 73, 81, 83, 98, 99, 100, 102, 104, 108, 111, 112, 113, 115, 118, 119, 124, 126, 132, 133, 134, 136, 138, 139, 143, 144, 145, 147, 148, 150, 151, 152, 154, 157, 158, 159, 160, 161, 162, 163, 164, 165, 166, 168, 169, 170, 171, 172, 176, 178, 192, 195, 198, 203, 206, 207, 208, 210, 211, 213, 214, 215, 217, 218, 223, 224, 225, 227, 229, 230, 231, 232, 234, 235, 242, 243, 244, 245, 247, 251, 252, 253, 254, 333], "summary": {"covered_lines": 121, "num_statements": 177, "percent_covered": 68.36158192090396, "percent_covered_display": "68", "missing_lines": 56, "excluded_lines": 0, "percent_statements_covered": 68.36158192090396, "percent_statements_covered_display": "68"}, "missing_lines": [89, 90, 91, 173, 174, 183, 184, 185, 196, 248, 249, 260, 263, 264, 265, 266, 267, 268, 270, 272, 274, 275, 276, 279, 283, 288, 290, 291, 292, 297, 298, 299, 300, 301, 302, 304, 310, 311, 313, 314, 317, 318, 319, 320, 321, 322, 323, 324, 326, 327, 328, 330, 331, 339, 340, 341], "excluded_lines": [], "functions": {"pricing_template_list": {"executed_lines": [29, 31, 34], "summary": {"covered_lines": 3, "num_statements": 3, "percent_covered": 100.0, "percent_covered_display": "100", "missing_lines": 0, "excluded_lines": 0, "percent_statements_covered": 100.0, "percent_statements_covered_display": "100"}, "missing_lines": [], "excluded_lines": []}, "pricing_template_edit": {"executed_lines": [41, 42, 43, 45, 46, 47, 49, 50, 51, 52, 53, 55, 63, 64, 65, 68, 69, 72, 73, 81, 83, 98, 99, 100, 102, 104, 108], "summary": {"covered_lines": 27, "num_statements": 30, "percent_covered": 90.0, "percent_covered_display": "90", "missing_lines": 3, "excluded_lines": 0, "percent_statements_covered": 90.0, "percent_statements_covered_display": "90"}, "missing_lines": [89, 90, 91], "excluded_lines": []}, "pricing_template_delete": {"executed_lines": [115, 118, 119, 124, 126], "summary": {"covered_lines": 5, "num_statements": 5, "percent_covered": 100.0, "percent_covered_display": "100", "missing_lines": 0, "excluded_lines": 0, "percent_statements_covered": 100.0, "percent_statements_covered_display": "100"}, "missing_lines": [], "excluded_lines": []}, "parking_lot_pricing_edit": {"executed_lines": [136, 138, 139, 143, 144, 145, 147, 148, 150, 151, 152, 154, 157, 158, 159, 160, 161, 162, 163, 164, 165, 166, 168, 169, 170, 171, 172, 176, 178, 192, 195, 198, 203], "summary": {"covered_lines": 33, "num_statements": 39, "percent_covered": 84.61538461538461, "percent_covered_display": "85", "missing_lines": 6, "excluded_lines": 0, "percent_statements_covered": 84.61538461538461, "percent_statements_covered_display": "85"}, "missing_lines": [173, 174, 183, 184, 185, 196], "excluded_lines": []}, "pricing_preview": {"executed_lines": [210, 211, 213, 214, 215, 217, 218, 223, 224, 225, 227, 229, 230, 231, 232, 234, 235, 242, 243, 244, 245, 247, 251, 252, 253, 254, 333], "summary": {"covered_lines": 27, "num_statements": 74, "percent_covered": 36.486486486486484, "percent_covered_display": "36", "missing_lines": 47, "excluded_lines": 0, "percent_statements_covered": 36.486486486486484, "percent_statements_covered_display": "36"}, "missing_lines": [248, 249, 260, 263, 264, 265, 266, 267, 268, 270, 272, 274, 275, 276, 279, 283, 288, 290, 291, 292, 297, 298, 299, 300, 301, 302, 304, 310, 311, 313, 314, 317, 318, 319, 320, 321, 322, 323, 324, 326, 327, 328, 330, 331, 339, 340, 341], "excluded_lines": []}, "": {"executed_lines": [1, 10, 12, 13, 14, 15, 16, 17, 19, 20, 23, 24, 25, 26, 27, 37, 38, 39, 111, 112, 113, 132, 133, 134, 206, 207, 208], "summary": {"covered_lines": 26, "num_statements": 26, "percent_covered": 100.0, "percent_covered_display": "100", "missing_lines": 0, "excluded_lines": 0, "percent_statements_covered": 100.0, "percent_statements_covered_display": "100"}, "missing_lines": [], "excluded_lines": []}}, "classes": {"": {"executed_lines": [1, 10, 12, 13, 14, 15, 16, 17, 19, 20, 23, 24, 25, 26, 27, 29, 31, 34, 37, 38, 39, 41, 42, 43, 45, 46, 47, 49, 50, 51, 52, 53, 55, 63, 64, 65, 68, 69, 72, 73, 81, 83, 98, 99, 100, 102, 104, 108, 111, 112, 113, 115, 118, 119, 124, 126, 132, 133, 134, 136, 138, 139, 143, 144, 145, 147, 148, 150, 151, 152, 154, 157, 158, 159, 160, 161, 162, 163, 164, 165, 166, 168, 169, 170, 171, 172, 176, 178, 192, 195, 198, 203, 206, 207, 208, 210, 211, 213, 214, 215, 217, 218, 223, 224, 225, 227, 229, 230, 231, 232, 234, 235, 242, 243, 244, 245, 247, 251, 252, 253, 254, 333], "summary": {"covered_lines": 121, "num_statements": 177, "percent_covered": 68.36158192090396, "percent_covered_display": "68", "missing_lines": 56, "excluded_lines": 0, "percent_statements_covered": 68.36158192090396, "percent_statements_covered_display": "68"}, "missing_lines": [89, 90, 91, 173, 174, 183, 184, 185, 196, 248, 249, 260, 263, 264, 265, 266, 267, 268, 270, 272, 274, 275, 276, 279, 283, 288, 290, 291, 292, 297, 298, 299, 300, 301, 302, 304, 310, 311, 313, 314, 317, 318, 319, 320, 321, 322, 323, 324, 326, 327, 328, 330, 331, 339, 340, 341], "excluded_lines": []}}}, "parking/views/schedule.py": {"executed_lines": [1, 10, 11, 13, 14, 15, 16, 17, 18, 19, 20, 22, 23, 24, 27, 28, 29, 31, 32, 33, 36, 37, 38, 41, 42, 45, 46, 47, 48, 51, 55, 56, 59, 60, 61, 62, 63, 64, 65, 68, 69, 70, 71, 72, 73, 76, 79, 81, 82, 85, 86, 87, 89, 90, 95, 98, 99, 104, 106, 107, 110, 111, 112, 114, 115, 118, 119, 120, 121, 122, 123, 124, 128, 129, 130, 131, 137, 138, 143, 149, 150, 154, 155, 156, 157, 162, 165, 176, 182, 198, 199, 200, 202, 207, 208, 209, 210, 211, 212, 214, 218], "summary": {"covered_lines": 100, "num_statements": 115, "percent_covered": 86.95652173913044, "percent_covered_display": "87", "missing_lines": 15, "excluded_lines": 0, "percent_statements_covered": 86.95652173913044, "percent_statements_covered_display": "87"}, "missing_lines": [116, 132, 133, 134, 139, 140, 151, 158, 159, 178, 179, 180, 190, 191, 192], "excluded_lines": [], "functions": {"schedule_template_download": {"executed_lines": [31, 32, 33, 36, 37, 38, 41, 42, 45, 46, 47, 48, 51, 55, 56, 59, 60, 61, 62, 63, 64, 65, 68, 69, 70, 71, 72, 73, 76, 79, 81, 82], "summary": {"covered_lines": 32, "num_statements": 32, "percent_covered": 100.0, "percent_covered_display": "100", "missing_lines": 0, "excluded_lines": 0, "percent_statements_covered": 100.0, "percent_statements_covered_display": "100"}, "missing_lines": [], "excluded_lines": []}, "schedule_upload": {"executed_lines": [89, 90, 95, 98, 99, 104, 106, 107, 110, 111, 112, 114, 115, 118, 119, 120, 121, 122, 123, 124, 128, 129, 130, 131, 137, 138, 143, 149, 150, 154, 155, 156, 157, 162, 165, 176, 182], "summary": {"covered_lines": 37, "num_statements": 52, "percent_covered": 71.15384615384616, "percent_covered_display": "71", "missing_lines": 15, "excluded_lines": 0, "percent_statements_covered": 71.15384615384616, "percent_statements_covered_display": "71"}, "missing_lines": [116, 132, 133, 134, 139, 140, 151, 158, 159, 178, 179, 180, 190, 191, 192], "excluded_lines": []}, "schedule_list": {"executed_lines": [202, 207, 208, 209, 210, 211, 212, 214, 218], "summary": {"covered_lines": 9, "num_statements": 9, "percent_covered": 100.0, "percent_covered_display": "100", "missing_lines": 0, "excluded_lines": 0, "percent_statements_covered": 100.0, "percent_statements_covered_display": "100"}, "missing_lines": [], "excluded_lines": []}, "": {"executed_lines": [1, 10, 11, 13, 14, 15, 16, 17, 18, 19, 20, 22, 23, 24, 27, 28, 29, 85, 86, 87, 198, 199, 200], "summary": {"covered_lines": 22, "num_statements": 22, "percent_covered": 100.0, "percent_covered_display": "100", "missing_lines": 0, "excluded_lines": 0, "percent_statements_covered": 100.0, "percent_statements_covered_display": "100"}, "missing_lines": [], "excluded_lines": []}}, "classes": {"": {"executed_lines": [1, 10, 11, 13, 14, 15, 16, 17, 18, 19, 20, 22, 23, 24, 27, 28, 29, 31, 32, 33, 36, 37, 38, 41, 42, 45, 46, 47, 48, 51, 55, 56, 59, 60, 61, 62, 63, 64, 65, 68, 69, 70, 71, 72, 73, 76, 79, 81, 82, 85, 86, 87, 89, 90, 95, 98, 99, 104, 106, 107, 110, 111, 112, 114, 115, 118, 119, 120, 121, 122, 123, 124, 128, 129, 130, 131, 137, 138, 143, 149, 150, 154, 155, 156, 157, 162, 165, 176, 182, 198, 199, 200, 202, 207, 208, 209, 210, 211, 212, 214, 218], "summary": {"covered_lines": 100, "num_statements": 115, "percent_covered": 86.95652173913044, "percent_covered_display": "87", "missing_lines": 15, "excluded_lines": 0, "percent_statements_covered": 86.95652173913044, "percent_statements_covered_display": "87"}, "missing_lines": [116, 132, 133, 134, 139, 140, 151, 158, 159, 178, 179, 180, 190, 191, 192], "excluded_lines": []}}}, "parking/views/space_creation.py": {"executed_lines": [1, 10, 12, 13, 14, 15, 17, 18, 19, 22, 23, 24, 36, 37, 38, 94, 95, 96], "summary": {"covered_lines": 17, "num_statements": 62, "percent_covered": 27.419354838709676, "percent_covered_display": "27", "missing_lines": 45, "excluded_lines": 0, "percent_statements_covered": 27.419354838709676, "percent_statements_covered_display": "27"}, "missing_lines": [26, 28, 32, 33, 40, 42, 43, 44, 45, 46, 48, 49, 50, 51, 52, 54, 55, 60, 69, 70, 81, 86, 87, 88, 98, 100, 101, 106, 107, 110, 111, 112, 113, 114, 115, 117, 122, 123, 124, 130, 131, 145, 150, 151, 152], "excluded_lines": [], "functions": {"space_template_download": {"executed_lines": [], "summary": {"covered_lines": 0, "num_statements": 4, "percent_covered": 0.0, "percent_covered_display": "0", "missing_lines": 4, "excluded_lines": 0, "percent_statements_covered": 0.0, "percent_statements_covered_display": "0"}, "missing_lines": [26, 28, 32, 33], "excluded_lines": []}, "space_create_from_range": {"executed_lines": [], "summary": {"covered_lines": 0, "num_statements": 20, "percent_covered": 0.0, "percent_covered_display": "0", "missing_lines": 20, "excluded_lines": 0, "percent_statements_covered": 0.0, "percent_statements_covered_display": "0"}, "missing_lines": [40, 42, 43, 44, 45, 46, 48, 49, 50, 51, 52, 54, 55, 60, 69, 70, 81, 86, 87, 88], "excluded_lines": []}, "space_create_from_file": {"executed_lines": [], "summary": {"covered_lines": 0, "num_statements": 21, "percent_covered": 0.0, "percent_covered_display": "0", "missing_lines": 21, "excluded_lines": 0, "percent_statements_covered": 0.0, "percent_statements_covered_display": "0"}, "missing_lines": [98, 100, 101, 106, 107, 110, 111, 112, 113, 114, 115, 117, 122, 123, 124, 130, 131, 145, 150, 151, 152], "excluded_lines": []}, "": {"executed_lines": [1, 10, 12, 13, 14, 15, 17, 18, 19, 22, 23, 24, 36, 37, 38, 94, 95, 96], "summary": {"covered_lines": 17, "num_statements": 17, "percent_covered": 100.0, "percent_covered_display": "100", "missing_lines": 0, "excluded_lines": 0, "percent_statements_covered": 100.0, "percent_statements_covered_display": "100"}, "missing_lines": [], "excluded_lines": []}}, "classes": {"": {"executed_lines": [1, 10, 12, 13, 14, 15, 17, 18, 19, 22, 23, 24, 36, 37, 38, 94, 95, 96], "summary": {"covered_lines": 17, "num_statements": 62, "percent_covered": 27.419354838709676, "percent_covered_display": "27", "missing_lines": 45, "excluded_lines": 0, "percent_statements_covered": 27.419354838709676, "percent_statements_covered_display": "27"}, "missing_lines": [26, 28, 32, 33, 40, 42, 43, 44, 45, 46, 48, 49, 50, 51, 52, 54, 55, 60, 69, 70, 81, 86, 87, 88, 98, 100, 101, 106, 107, 110, 111, 112, 113, 114, 115, 117, 122, 123, 124, 130, 131, 145, 150, 151, 152], "excluded_lines": []}}}}, "totals": {"covered_lines": 4448, "num_statements": 5940, "percent_covered": 74.88215488215488, "percent_covered_display": "75", "missing_lines": 1492, "excluded_lines": 2, "percent_statements_covered": 74.88215488215488, "percent_statements_covered_display": "75"}}